2025-10-30T14:27:15.154+01:00  INFO 11588 --- [basesSpringBatch] [main] t.b.BasesSpringBatchApplication          : Starting BasesSpringBatchApplication using Java 21.0.8 with PID 11588 (C:\tp\local-git-didier-tp-repositories\tp-spring-batch\tp\2025\basesSpringBatch\target\classes started by d2fde in C:\tp\local-git-didier-tp-repositories\tp-spring-batch\tp\2025\basesSpringBatch)
2025-10-30T14:27:15.157+01:00  INFO 11588 --- [basesSpringBatch] [main] t.b.BasesSpringBatchApplication          : No active profile set, falling back to 1 default profile: "mariadb"
2025-10-30T14:27:16.166+01:00  INFO 11588 --- [basesSpringBatch] [main] com.zaxxer.hikari.HikariDataSource       : HikariPool-1 - Starting...
2025-10-30T14:27:16.334+01:00  INFO 11588 --- [basesSpringBatch] [main] com.zaxxer.hikari.pool.HikariPool        : HikariPool-1 - Added connection org.mariadb.jdbc.Connection@174e1b69
2025-10-30T14:27:16.336+01:00  INFO 11588 --- [basesSpringBatch] [main] com.zaxxer.hikari.HikariDataSource       : HikariPool-1 - Start completed.
2025-10-30T14:27:16.359+01:00  WARN 11588 --- [basesSpringBatch] [main] o.m.jdbc.message.server.ErrorPacket      : Error: 1050-42S01: Table 'batch_job_instance' already exists
2025-10-30T14:27:16.361+01:00  WARN 11588 --- [basesSpringBatch] [main] o.m.jdbc.message.server.ErrorPacket      : Error: 1050-42S01: Table 'batch_job_execution' already exists
2025-10-30T14:27:16.361+01:00  WARN 11588 --- [basesSpringBatch] [main] o.m.jdbc.message.server.ErrorPacket      : Error: 1050-42S01: Table 'batch_job_execution_params' already exists
2025-10-30T14:27:16.362+01:00  WARN 11588 --- [basesSpringBatch] [main] o.m.jdbc.message.server.ErrorPacket      : Error: 1050-42S01: Table 'batch_step_execution' already exists
2025-10-30T14:27:16.363+01:00  WARN 11588 --- [basesSpringBatch] [main] o.m.jdbc.message.server.ErrorPacket      : Error: 1050-42S01: Table 'batch_step_execution_context' already exists
2025-10-30T14:27:16.363+01:00  WARN 11588 --- [basesSpringBatch] [main] o.m.jdbc.message.server.ErrorPacket      : Error: 1050-42S01: Table 'batch_job_execution_context' already exists
2025-10-30T14:27:16.364+01:00  WARN 11588 --- [basesSpringBatch] [main] o.m.jdbc.message.server.ErrorPacket      : Error: 1050-42S01: Table 'batch_step_execution_seq' already exists
2025-10-30T14:27:16.365+01:00  WARN 11588 --- [basesSpringBatch] [main] o.m.jdbc.message.server.ErrorPacket      : Error: 1050-42S01: Table 'batch_job_execution_seq' already exists
2025-10-30T14:27:16.366+01:00  WARN 11588 --- [basesSpringBatch] [main] o.m.jdbc.message.server.ErrorPacket      : Error: 1050-42S01: Table 'batch_job_seq' already exists
2025-10-30T14:27:16.645+01:00  WARN 11588 --- [basesSpringBatch] [main] o.s.b.c.l.AbstractListenerFactoryBean    : org.springframework.batch.item.ItemReader is an interface. The implementing class will not be queried for annotation based listener configurations. If using @StepScope on a @Bean method, be sure to return the implementing class so listener annotations can be used.
2025-10-30T14:27:16.752+01:00  WARN 11588 --- [basesSpringBatch] [main] o.s.b.c.l.AbstractListenerFactoryBean    : org.springframework.batch.item.ItemReader is an interface. The implementing class will not be queried for annotation based listener configurations. If using @StepScope on a @Bean method, be sure to return the implementing class so listener annotations can be used.
2025-10-30T14:27:16.953+01:00  WARN 11588 --- [basesSpringBatch] [main] o.s.b.c.l.AbstractListenerFactoryBean    : org.springframework.batch.item.ItemStreamWriter is an interface. The implementing class will not be queried for annotation based listener configurations. If using @StepScope on a @Bean method, be sure to return the implementing class so listener annotations can be used.
2025-10-30T14:27:17.120+01:00  INFO 11588 --- [basesSpringBatch] [main] t.b.BasesSpringBatchApplication          : Started BasesSpringBatchApplication in 2.529 seconds (process running for 2.938)
2025-10-30T14:27:17.125+01:00  INFO 11588 --- [basesSpringBatch] [main] t.b.BasesSpringBatchApplication          : ****>>> jobName=myHelloWorldJob inputFilePath=data/input/csv/newDetailsProducts.csv outputFilePath=data/output/xml/products.xml
2025-10-30T14:27:17.182+01:00  INFO 11588 --- [basesSpringBatch] [SimpleAsyncTaskExecutor-1] o.s.b.c.l.s.TaskExecutorJobLauncher      : Job: [SimpleJob: [name=myHelloWorldJob]] launched with the following parameters: [{'enableUpperCase':'{value=true, type=class java.lang.String, identifying=true}','increaseRatePct':'{value=5.0, type=class java.lang.Double, identifying=true}','timeStampOfJobInstance':'{value=1761830837125, type=class java.lang.Long, identifying=true}','productCategoryToIncrease':'{value=aliment, type=class java.lang.String, identifying=true}','inputFilePath':'{value=data/input/csv/newDetailsProducts.csv, type=class java.lang.String, identifying=true}','outputFilePath':'{value=data/output/xml/products.xml, type=class java.lang.String, identifying=true}','dataSetSize':'{value=5000, type=class java.lang.Long, identifying=true}'}]
2025-10-30T14:27:17.222+01:00  INFO 11588 --- [basesSpringBatch] [SimpleAsyncTaskExecutor-1] o.s.batch.core.job.SimpleStepHandler     : Executing step: [simplePrintMessageStep]
2025-10-30T14:27:17.244+01:00  INFO 11588 --- [basesSpringBatch] [SimpleAsyncTaskExecutor-1] o.s.batch.core.step.AbstractStep         : Step: [simplePrintMessageStep] executed in 22ms
2025-10-30T14:27:17.261+01:00  INFO 11588 --- [basesSpringBatch] [SimpleAsyncTaskExecutor-1] o.s.b.c.l.s.TaskExecutorJobLauncher      : Job: [SimpleJob: [name=myHelloWorldJob]] completed with the following parameters: [{'enableUpperCase':'{value=true, type=class java.lang.String, identifying=true}','increaseRatePct':'{value=5.0, type=class java.lang.Double, identifying=true}','timeStampOfJobInstance':'{value=1761830837125, type=class java.lang.Long, identifying=true}','productCategoryToIncrease':'{value=aliment, type=class java.lang.String, identifying=true}','inputFilePath':'{value=data/input/csv/newDetailsProducts.csv, type=class java.lang.String, identifying=true}','outputFilePath':'{value=data/output/xml/products.xml, type=class java.lang.String, identifying=true}','dataSetSize':'{value=5000, type=class java.lang.Long, identifying=true}'}] and the following status: [COMPLETED] in 58ms
2025-10-30T14:27:17.271+01:00  INFO 11588 --- [basesSpringBatch] [SpringApplicationShutdownHook] com.zaxxer.hikari.HikariDataSource       : HikariPool-1 - Shutdown initiated...
2025-10-30T14:27:17.276+01:00  INFO 11588 --- [basesSpringBatch] [SpringApplicationShutdownHook] com.zaxxer.hikari.HikariDataSource       : HikariPool-1 - Shutdown completed.
2025-10-30T14:27:56.847+01:00  INFO 22548 --- [basesSpringBatch] [main] t.b.BasesSpringBatchApplication          : Starting BasesSpringBatchApplication using Java 21.0.8 with PID 22548 (C:\tp\local-git-didier-tp-repositories\tp-spring-batch\tp\2025\basesSpringBatch\target\classes started by d2fde in C:\tp\local-git-didier-tp-repositories\tp-spring-batch\tp\2025\basesSpringBatch)
2025-10-30T14:27:56.849+01:00  INFO 22548 --- [basesSpringBatch] [main] t.b.BasesSpringBatchApplication          : No active profile set, falling back to 1 default profile: "mariadb"
2025-10-30T14:27:57.898+01:00  INFO 22548 --- [basesSpringBatch] [main] com.zaxxer.hikari.HikariDataSource       : HikariPool-1 - Starting...
2025-10-30T14:27:58.065+01:00  INFO 22548 --- [basesSpringBatch] [main] com.zaxxer.hikari.pool.HikariPool        : HikariPool-1 - Added connection org.mariadb.jdbc.Connection@3491e86e
2025-10-30T14:27:58.068+01:00  INFO 22548 --- [basesSpringBatch] [main] com.zaxxer.hikari.HikariDataSource       : HikariPool-1 - Start completed.
2025-10-30T14:27:58.091+01:00  WARN 22548 --- [basesSpringBatch] [main] o.m.jdbc.message.server.ErrorPacket      : Error: 1050-42S01: Table 'batch_job_instance' already exists
2025-10-30T14:27:58.092+01:00  WARN 22548 --- [basesSpringBatch] [main] o.m.jdbc.message.server.ErrorPacket      : Error: 1050-42S01: Table 'batch_job_execution' already exists
2025-10-30T14:27:58.093+01:00  WARN 22548 --- [basesSpringBatch] [main] o.m.jdbc.message.server.ErrorPacket      : Error: 1050-42S01: Table 'batch_job_execution_params' already exists
2025-10-30T14:27:58.094+01:00  WARN 22548 --- [basesSpringBatch] [main] o.m.jdbc.message.server.ErrorPacket      : Error: 1050-42S01: Table 'batch_step_execution' already exists
2025-10-30T14:27:58.095+01:00  WARN 22548 --- [basesSpringBatch] [main] o.m.jdbc.message.server.ErrorPacket      : Error: 1050-42S01: Table 'batch_step_execution_context' already exists
2025-10-30T14:27:58.096+01:00  WARN 22548 --- [basesSpringBatch] [main] o.m.jdbc.message.server.ErrorPacket      : Error: 1050-42S01: Table 'batch_job_execution_context' already exists
2025-10-30T14:27:58.096+01:00  WARN 22548 --- [basesSpringBatch] [main] o.m.jdbc.message.server.ErrorPacket      : Error: 1050-42S01: Table 'batch_step_execution_seq' already exists
2025-10-30T14:27:58.097+01:00  WARN 22548 --- [basesSpringBatch] [main] o.m.jdbc.message.server.ErrorPacket      : Error: 1050-42S01: Table 'batch_job_execution_seq' already exists
2025-10-30T14:27:58.097+01:00  WARN 22548 --- [basesSpringBatch] [main] o.m.jdbc.message.server.ErrorPacket      : Error: 1050-42S01: Table 'batch_job_seq' already exists
2025-10-30T14:27:58.342+01:00  WARN 22548 --- [basesSpringBatch] [main] o.s.b.c.l.AbstractListenerFactoryBean    : org.springframework.batch.item.ItemReader is an interface. The implementing class will not be queried for annotation based listener configurations. If using @StepScope on a @Bean method, be sure to return the implementing class so listener annotations can be used.
2025-10-30T14:27:58.439+01:00  WARN 22548 --- [basesSpringBatch] [main] o.s.b.c.l.AbstractListenerFactoryBean    : org.springframework.batch.item.ItemReader is an interface. The implementing class will not be queried for annotation based listener configurations. If using @StepScope on a @Bean method, be sure to return the implementing class so listener annotations can be used.
2025-10-30T14:27:58.643+01:00  WARN 22548 --- [basesSpringBatch] [main] o.s.b.c.l.AbstractListenerFactoryBean    : org.springframework.batch.item.ItemStreamWriter is an interface. The implementing class will not be queried for annotation based listener configurations. If using @StepScope on a @Bean method, be sure to return the implementing class so listener annotations can be used.
2025-10-30T14:27:58.812+01:00  INFO 22548 --- [basesSpringBatch] [main] t.b.BasesSpringBatchApplication          : Started BasesSpringBatchApplication in 2.522 seconds (process running for 2.908)
2025-10-30T14:27:58.816+01:00  INFO 22548 --- [basesSpringBatch] [main] t.b.BasesSpringBatchApplication          : ****>>> jobName=myHelloWorldJob inputFilePath=data/input/csv/newDetailsProducts.csv outputFilePath=data/output/xml/products.xml
2025-10-30T14:27:58.874+01:00  INFO 22548 --- [basesSpringBatch] [SimpleAsyncTaskExecutor-1] o.s.b.c.l.s.TaskExecutorJobLauncher      : Job: [SimpleJob: [name=myHelloWorldJob]] launched with the following parameters: [{'enableUpperCase':'{value=true, type=class java.lang.String, identifying=true}','increaseRatePct':'{value=5.0, type=class java.lang.Double, identifying=true}','timeStampOfJobInstance':'{value=1761830878816, type=class java.lang.Long, identifying=true}','productCategoryToIncrease':'{value=aliment, type=class java.lang.String, identifying=true}','inputFilePath':'{value=data/input/csv/newDetailsProducts.csv, type=class java.lang.String, identifying=true}','outputFilePath':'{value=data/output/xml/products.xml, type=class java.lang.String, identifying=true}','dataSetSize':'{value=5000, type=class java.lang.Long, identifying=true}'}]
2025-10-30T14:27:58.910+01:00  INFO 22548 --- [basesSpringBatch] [SimpleAsyncTaskExecutor-1] o.s.batch.core.job.SimpleStepHandler     : Executing step: [simplePrintMessageStep]
2025-10-30T14:27:58.931+01:00  INFO 22548 --- [basesSpringBatch] [SimpleAsyncTaskExecutor-1] o.s.batch.core.step.AbstractStep         : Step: [simplePrintMessageStep] executed in 20ms
2025-10-30T14:27:58.947+01:00  INFO 22548 --- [basesSpringBatch] [SimpleAsyncTaskExecutor-1] o.s.b.c.l.s.TaskExecutorJobLauncher      : Job: [SimpleJob: [name=myHelloWorldJob]] completed with the following parameters: [{'enableUpperCase':'{value=true, type=class java.lang.String, identifying=true}','increaseRatePct':'{value=5.0, type=class java.lang.Double, identifying=true}','timeStampOfJobInstance':'{value=1761830878816, type=class java.lang.Long, identifying=true}','productCategoryToIncrease':'{value=aliment, type=class java.lang.String, identifying=true}','inputFilePath':'{value=data/input/csv/newDetailsProducts.csv, type=class java.lang.String, identifying=true}','outputFilePath':'{value=data/output/xml/products.xml, type=class java.lang.String, identifying=true}','dataSetSize':'{value=5000, type=class java.lang.Long, identifying=true}'}] and the following status: [COMPLETED] in 49ms
2025-10-30T14:27:58.962+01:00  INFO 22548 --- [basesSpringBatch] [SpringApplicationShutdownHook] com.zaxxer.hikari.HikariDataSource       : HikariPool-1 - Shutdown initiated...
2025-10-30T14:27:58.967+01:00  INFO 22548 --- [basesSpringBatch] [SpringApplicationShutdownHook] com.zaxxer.hikari.HikariDataSource       : HikariPool-1 - Shutdown completed.
2025-10-30T14:31:52.878+01:00  INFO 28784 --- [basesSpringBatch] [main] t.b.BasesSpringBatchApplication          : Starting BasesSpringBatchApplication using Java 21.0.8 with PID 28784 (C:\tp\local-git-didier-tp-repositories\tp-spring-batch\tp\2025\basesSpringBatch\target\classes started by d2fde in C:\tp\local-git-didier-tp-repositories\tp-spring-batch\tp\2025\basesSpringBatch)
2025-10-30T14:31:52.880+01:00  INFO 28784 --- [basesSpringBatch] [main] t.b.BasesSpringBatchApplication          : No active profile set, falling back to 1 default profile: "mariadb"
2025-10-30T14:31:53.919+01:00  INFO 28784 --- [basesSpringBatch] [main] com.zaxxer.hikari.HikariDataSource       : HikariPool-1 - Starting...
2025-10-30T14:31:54.085+01:00  INFO 28784 --- [basesSpringBatch] [main] com.zaxxer.hikari.pool.HikariPool        : HikariPool-1 - Added connection org.mariadb.jdbc.Connection@1eb2d371
2025-10-30T14:31:54.087+01:00  INFO 28784 --- [basesSpringBatch] [main] com.zaxxer.hikari.HikariDataSource       : HikariPool-1 - Start completed.
2025-10-30T14:31:54.108+01:00  WARN 28784 --- [basesSpringBatch] [main] o.m.jdbc.message.server.ErrorPacket      : Error: 1050-42S01: Table 'batch_job_instance' already exists
2025-10-30T14:31:54.110+01:00  WARN 28784 --- [basesSpringBatch] [main] o.m.jdbc.message.server.ErrorPacket      : Error: 1050-42S01: Table 'batch_job_execution' already exists
2025-10-30T14:31:54.110+01:00  WARN 28784 --- [basesSpringBatch] [main] o.m.jdbc.message.server.ErrorPacket      : Error: 1050-42S01: Table 'batch_job_execution_params' already exists
2025-10-30T14:31:54.111+01:00  WARN 28784 --- [basesSpringBatch] [main] o.m.jdbc.message.server.ErrorPacket      : Error: 1050-42S01: Table 'batch_step_execution' already exists
2025-10-30T14:31:54.112+01:00  WARN 28784 --- [basesSpringBatch] [main] o.m.jdbc.message.server.ErrorPacket      : Error: 1050-42S01: Table 'batch_step_execution_context' already exists
2025-10-30T14:31:54.113+01:00  WARN 28784 --- [basesSpringBatch] [main] o.m.jdbc.message.server.ErrorPacket      : Error: 1050-42S01: Table 'batch_job_execution_context' already exists
2025-10-30T14:31:54.113+01:00  WARN 28784 --- [basesSpringBatch] [main] o.m.jdbc.message.server.ErrorPacket      : Error: 1050-42S01: Table 'batch_step_execution_seq' already exists
2025-10-30T14:31:54.114+01:00  WARN 28784 --- [basesSpringBatch] [main] o.m.jdbc.message.server.ErrorPacket      : Error: 1050-42S01: Table 'batch_job_execution_seq' already exists
2025-10-30T14:31:54.115+01:00  WARN 28784 --- [basesSpringBatch] [main] o.m.jdbc.message.server.ErrorPacket      : Error: 1050-42S01: Table 'batch_job_seq' already exists
2025-10-30T14:31:54.362+01:00  WARN 28784 --- [basesSpringBatch] [main] o.s.b.c.l.AbstractListenerFactoryBean    : org.springframework.batch.item.ItemReader is an interface. The implementing class will not be queried for annotation based listener configurations. If using @StepScope on a @Bean method, be sure to return the implementing class so listener annotations can be used.
2025-10-30T14:31:54.453+01:00  WARN 28784 --- [basesSpringBatch] [main] o.s.b.c.l.AbstractListenerFactoryBean    : org.springframework.batch.item.ItemReader is an interface. The implementing class will not be queried for annotation based listener configurations. If using @StepScope on a @Bean method, be sure to return the implementing class so listener annotations can be used.
2025-10-30T14:31:54.649+01:00  WARN 28784 --- [basesSpringBatch] [main] o.s.b.c.l.AbstractListenerFactoryBean    : org.springframework.batch.item.ItemStreamWriter is an interface. The implementing class will not be queried for annotation based listener configurations. If using @StepScope on a @Bean method, be sure to return the implementing class so listener annotations can be used.
2025-10-30T14:31:54.824+01:00  INFO 28784 --- [basesSpringBatch] [main] t.b.BasesSpringBatchApplication          : Started BasesSpringBatchApplication in 2.507 seconds (process running for 2.909)
2025-10-30T14:31:54.829+01:00  INFO 28784 --- [basesSpringBatch] [main] t.b.BasesSpringBatchApplication          : ****>>> jobName=myHelloWorldJob inputFilePath=data/input/csv/newDetailsProducts.csv outputFilePath=data/output/xml/products.xml
2025-10-30T14:31:54.885+01:00  INFO 28784 --- [basesSpringBatch] [SimpleAsyncTaskExecutor-1] o.s.b.c.l.s.TaskExecutorJobLauncher      : Job: [SimpleJob: [name=myHelloWorldJob]] launched with the following parameters: [{'enableUpperCase':'{value=true, type=class java.lang.String, identifying=true}','increaseRatePct':'{value=5.0, type=class java.lang.Double, identifying=true}','timeStampOfJobInstance':'{value=1761831114829, type=class java.lang.Long, identifying=true}','productCategoryToIncrease':'{value=aliment, type=class java.lang.String, identifying=true}','inputFilePath':'{value=data/input/csv/newDetailsProducts.csv, type=class java.lang.String, identifying=true}','outputFilePath':'{value=data/output/xml/products.xml, type=class java.lang.String, identifying=true}','dataSetSize':'{value=5000, type=class java.lang.Long, identifying=true}'}]
2025-10-30T14:31:54.924+01:00  INFO 28784 --- [basesSpringBatch] [SimpleAsyncTaskExecutor-1] o.s.batch.core.job.SimpleStepHandler     : Executing step: [simplePrintMessageStep]
2025-10-30T14:31:54.943+01:00  INFO 28784 --- [basesSpringBatch] [SimpleAsyncTaskExecutor-1] o.s.batch.core.step.AbstractStep         : Step: [simplePrintMessageStep] executed in 17ms
2025-10-30T14:31:54.958+01:00  INFO 28784 --- [basesSpringBatch] [SimpleAsyncTaskExecutor-1] o.s.b.c.l.s.TaskExecutorJobLauncher      : Job: [SimpleJob: [name=myHelloWorldJob]] completed with the following parameters: [{'enableUpperCase':'{value=true, type=class java.lang.String, identifying=true}','increaseRatePct':'{value=5.0, type=class java.lang.Double, identifying=true}','timeStampOfJobInstance':'{value=1761831114829, type=class java.lang.Long, identifying=true}','productCategoryToIncrease':'{value=aliment, type=class java.lang.String, identifying=true}','inputFilePath':'{value=data/input/csv/newDetailsProducts.csv, type=class java.lang.String, identifying=true}','outputFilePath':'{value=data/output/xml/products.xml, type=class java.lang.String, identifying=true}','dataSetSize':'{value=5000, type=class java.lang.Long, identifying=true}'}] and the following status: [COMPLETED] in 46ms
2025-10-30T14:31:54.965+01:00  INFO 28784 --- [basesSpringBatch] [SpringApplicationShutdownHook] com.zaxxer.hikari.HikariDataSource       : HikariPool-1 - Shutdown initiated...
2025-10-30T14:31:54.970+01:00  INFO 28784 --- [basesSpringBatch] [SpringApplicationShutdownHook] com.zaxxer.hikari.HikariDataSource       : HikariPool-1 - Shutdown completed.
2025-10-30T14:32:34.115+01:00  INFO 20276 --- [basesSpringBatch] [main] t.b.BasesSpringBatchApplication          : Starting BasesSpringBatchApplication using Java 21.0.8 with PID 20276 (C:\tp\local-git-didier-tp-repositories\tp-spring-batch\tp\2025\basesSpringBatch\target\classes started by d2fde in C:\tp\local-git-didier-tp-repositories\tp-spring-batch\tp\2025\basesSpringBatch)
2025-10-30T14:32:34.117+01:00 DEBUG 20276 --- [basesSpringBatch] [main] t.b.BasesSpringBatchApplication          : Running with Spring Boot v3.5.6, Spring v6.2.11
2025-10-30T14:32:34.118+01:00  INFO 20276 --- [basesSpringBatch] [main] t.b.BasesSpringBatchApplication          : No active profile set, falling back to 1 default profile: "mariadb"
2025-10-30T14:32:35.139+01:00  INFO 20276 --- [basesSpringBatch] [main] com.zaxxer.hikari.HikariDataSource       : HikariPool-1 - Starting...
2025-10-30T14:32:35.313+01:00  INFO 20276 --- [basesSpringBatch] [main] com.zaxxer.hikari.pool.HikariPool        : HikariPool-1 - Added connection org.mariadb.jdbc.Connection@409986fe
2025-10-30T14:32:35.316+01:00  INFO 20276 --- [basesSpringBatch] [main] com.zaxxer.hikari.HikariDataSource       : HikariPool-1 - Start completed.
2025-10-30T14:32:35.336+01:00  WARN 20276 --- [basesSpringBatch] [main] o.m.jdbc.message.server.ErrorPacket      : Error: 1050-42S01: Table 'batch_job_instance' already exists
2025-10-30T14:32:35.338+01:00  WARN 20276 --- [basesSpringBatch] [main] o.m.jdbc.message.server.ErrorPacket      : Error: 1050-42S01: Table 'batch_job_execution' already exists
2025-10-30T14:32:35.338+01:00  WARN 20276 --- [basesSpringBatch] [main] o.m.jdbc.message.server.ErrorPacket      : Error: 1050-42S01: Table 'batch_job_execution_params' already exists
2025-10-30T14:32:35.339+01:00  WARN 20276 --- [basesSpringBatch] [main] o.m.jdbc.message.server.ErrorPacket      : Error: 1050-42S01: Table 'batch_step_execution' already exists
2025-10-30T14:32:35.339+01:00  WARN 20276 --- [basesSpringBatch] [main] o.m.jdbc.message.server.ErrorPacket      : Error: 1050-42S01: Table 'batch_step_execution_context' already exists
2025-10-30T14:32:35.340+01:00  WARN 20276 --- [basesSpringBatch] [main] o.m.jdbc.message.server.ErrorPacket      : Error: 1050-42S01: Table 'batch_job_execution_context' already exists
2025-10-30T14:32:35.340+01:00  WARN 20276 --- [basesSpringBatch] [main] o.m.jdbc.message.server.ErrorPacket      : Error: 1050-42S01: Table 'batch_step_execution_seq' already exists
2025-10-30T14:32:35.341+01:00  WARN 20276 --- [basesSpringBatch] [main] o.m.jdbc.message.server.ErrorPacket      : Error: 1050-42S01: Table 'batch_job_execution_seq' already exists
2025-10-30T14:32:35.341+01:00  WARN 20276 --- [basesSpringBatch] [main] o.m.jdbc.message.server.ErrorPacket      : Error: 1050-42S01: Table 'batch_job_seq' already exists
2025-10-30T14:32:35.603+01:00  WARN 20276 --- [basesSpringBatch] [main] o.s.b.c.l.AbstractListenerFactoryBean    : org.springframework.batch.item.ItemReader is an interface. The implementing class will not be queried for annotation based listener configurations. If using @StepScope on a @Bean method, be sure to return the implementing class so listener annotations can be used.
2025-10-30T14:32:35.699+01:00  WARN 20276 --- [basesSpringBatch] [main] o.s.b.c.l.AbstractListenerFactoryBean    : org.springframework.batch.item.ItemReader is an interface. The implementing class will not be queried for annotation based listener configurations. If using @StepScope on a @Bean method, be sure to return the implementing class so listener annotations can be used.
2025-10-30T14:32:35.905+01:00  WARN 20276 --- [basesSpringBatch] [main] o.s.b.c.l.AbstractListenerFactoryBean    : org.springframework.batch.item.ItemStreamWriter is an interface. The implementing class will not be queried for annotation based listener configurations. If using @StepScope on a @Bean method, be sure to return the implementing class so listener annotations can be used.
2025-10-30T14:32:36.092+01:00  INFO 20276 --- [basesSpringBatch] [main] t.b.BasesSpringBatchApplication          : Started BasesSpringBatchApplication in 2.547 seconds (process running for 2.953)
2025-10-30T14:32:36.096+01:00 DEBUG 20276 --- [basesSpringBatch] [main] t.b.BasesSpringBatchApplication          : BasesSpringBatchApplication launched with args =[]
2025-10-30T14:32:36.096+01:00  INFO 20276 --- [basesSpringBatch] [main] t.b.BasesSpringBatchApplication          : ****>>> jobName=myHelloWorldJob inputFilePath=data/input/csv/newDetailsProducts.csv outputFilePath=data/output/xml/products.xml
2025-10-30T14:32:36.155+01:00  INFO 20276 --- [basesSpringBatch] [SimpleAsyncTaskExecutor-1] o.s.b.c.l.s.TaskExecutorJobLauncher      : Job: [SimpleJob: [name=myHelloWorldJob]] launched with the following parameters: [{'enableUpperCase':'{value=true, type=class java.lang.String, identifying=true}','increaseRatePct':'{value=5.0, type=class java.lang.Double, identifying=true}','timeStampOfJobInstance':'{value=1761831156097, type=class java.lang.Long, identifying=true}','productCategoryToIncrease':'{value=aliment, type=class java.lang.String, identifying=true}','inputFilePath':'{value=data/input/csv/newDetailsProducts.csv, type=class java.lang.String, identifying=true}','outputFilePath':'{value=data/output/xml/products.xml, type=class java.lang.String, identifying=true}','dataSetSize':'{value=5000, type=class java.lang.Long, identifying=true}'}]
2025-10-30T14:32:36.189+01:00  INFO 20276 --- [basesSpringBatch] [SimpleAsyncTaskExecutor-1] o.s.batch.core.job.SimpleStepHandler     : Executing step: [simplePrintMessageStep]
2025-10-30T14:32:36.207+01:00  INFO 20276 --- [basesSpringBatch] [SimpleAsyncTaskExecutor-1] o.s.batch.core.step.AbstractStep         : Step: [simplePrintMessageStep] executed in 16ms
2025-10-30T14:32:36.221+01:00  INFO 20276 --- [basesSpringBatch] [SimpleAsyncTaskExecutor-1] o.s.b.c.l.s.TaskExecutorJobLauncher      : Job: [SimpleJob: [name=myHelloWorldJob]] completed with the following parameters: [{'enableUpperCase':'{value=true, type=class java.lang.String, identifying=true}','increaseRatePct':'{value=5.0, type=class java.lang.Double, identifying=true}','timeStampOfJobInstance':'{value=1761831156097, type=class java.lang.Long, identifying=true}','productCategoryToIncrease':'{value=aliment, type=class java.lang.String, identifying=true}','inputFilePath':'{value=data/input/csv/newDetailsProducts.csv, type=class java.lang.String, identifying=true}','outputFilePath':'{value=data/output/xml/products.xml, type=class java.lang.String, identifying=true}','dataSetSize':'{value=5000, type=class java.lang.Long, identifying=true}'}] and the following status: [COMPLETED] in 45ms
2025-10-30T14:32:36.226+01:00  INFO 20276 --- [basesSpringBatch] [SpringApplicationShutdownHook] com.zaxxer.hikari.HikariDataSource       : HikariPool-1 - Shutdown initiated...
2025-10-30T14:32:36.230+01:00  INFO 20276 --- [basesSpringBatch] [SpringApplicationShutdownHook] com.zaxxer.hikari.HikariDataSource       : HikariPool-1 - Shutdown completed.
2025-10-30T14:59:20.684+01:00  INFO 21236 --- [basesSpringBatch] [main] t.b.BasesSpringBatchApplication          : Starting BasesSpringBatchApplication using Java 21.0.8 with PID 21236 (C:\tp\local-git-didier-tp-repositories\tp-spring-batch\tp\2025\basesSpringBatch\target\classes started by d2fde in C:\tp\local-git-didier-tp-repositories\tp-spring-batch\tp\2025\basesSpringBatch)
2025-10-30T14:59:20.686+01:00 DEBUG 21236 --- [basesSpringBatch] [main] t.b.BasesSpringBatchApplication          : Running with Spring Boot v3.5.6, Spring v6.2.11
2025-10-30T14:59:20.688+01:00  INFO 21236 --- [basesSpringBatch] [main] t.b.BasesSpringBatchApplication          : No active profile set, falling back to 1 default profile: "mariadb"
2025-10-30T14:59:21.748+01:00  INFO 21236 --- [basesSpringBatch] [main] com.zaxxer.hikari.HikariDataSource       : HikariPool-1 - Starting...
2025-10-30T14:59:21.925+01:00  INFO 21236 --- [basesSpringBatch] [main] com.zaxxer.hikari.pool.HikariPool        : HikariPool-1 - Added connection org.mariadb.jdbc.Connection@4ca8dbfa
2025-10-30T14:59:21.929+01:00  INFO 21236 --- [basesSpringBatch] [main] com.zaxxer.hikari.HikariDataSource       : HikariPool-1 - Start completed.
2025-10-30T14:59:21.950+01:00  WARN 21236 --- [basesSpringBatch] [main] o.m.jdbc.message.server.ErrorPacket      : Error: 1050-42S01: Table 'batch_job_instance' already exists
2025-10-30T14:59:21.952+01:00  WARN 21236 --- [basesSpringBatch] [main] o.m.jdbc.message.server.ErrorPacket      : Error: 1050-42S01: Table 'batch_job_execution' already exists
2025-10-30T14:59:21.953+01:00  WARN 21236 --- [basesSpringBatch] [main] o.m.jdbc.message.server.ErrorPacket      : Error: 1050-42S01: Table 'batch_job_execution_params' already exists
2025-10-30T14:59:21.954+01:00  WARN 21236 --- [basesSpringBatch] [main] o.m.jdbc.message.server.ErrorPacket      : Error: 1050-42S01: Table 'batch_step_execution' already exists
2025-10-30T14:59:21.954+01:00  WARN 21236 --- [basesSpringBatch] [main] o.m.jdbc.message.server.ErrorPacket      : Error: 1050-42S01: Table 'batch_step_execution_context' already exists
2025-10-30T14:59:21.955+01:00  WARN 21236 --- [basesSpringBatch] [main] o.m.jdbc.message.server.ErrorPacket      : Error: 1050-42S01: Table 'batch_job_execution_context' already exists
2025-10-30T14:59:21.955+01:00  WARN 21236 --- [basesSpringBatch] [main] o.m.jdbc.message.server.ErrorPacket      : Error: 1050-42S01: Table 'batch_step_execution_seq' already exists
2025-10-30T14:59:21.956+01:00  WARN 21236 --- [basesSpringBatch] [main] o.m.jdbc.message.server.ErrorPacket      : Error: 1050-42S01: Table 'batch_job_execution_seq' already exists
2025-10-30T14:59:21.956+01:00  WARN 21236 --- [basesSpringBatch] [main] o.m.jdbc.message.server.ErrorPacket      : Error: 1050-42S01: Table 'batch_job_seq' already exists
2025-10-30T14:59:22.213+01:00  WARN 21236 --- [basesSpringBatch] [main] o.s.b.c.l.AbstractListenerFactoryBean    : org.springframework.batch.item.ItemReader is an interface. The implementing class will not be queried for annotation based listener configurations. If using @StepScope on a @Bean method, be sure to return the implementing class so listener annotations can be used.
2025-10-30T14:59:22.301+01:00  WARN 21236 --- [basesSpringBatch] [main] o.s.b.c.l.AbstractListenerFactoryBean    : org.springframework.batch.item.ItemReader is an interface. The implementing class will not be queried for annotation based listener configurations. If using @StepScope on a @Bean method, be sure to return the implementing class so listener annotations can be used.
2025-10-30T14:59:22.518+01:00  WARN 21236 --- [basesSpringBatch] [main] o.s.b.c.l.AbstractListenerFactoryBean    : org.springframework.batch.item.ItemStreamWriter is an interface. The implementing class will not be queried for annotation based listener configurations. If using @StepScope on a @Bean method, be sure to return the implementing class so listener annotations can be used.
2025-10-30T14:59:22.702+01:00  INFO 21236 --- [basesSpringBatch] [main] t.b.BasesSpringBatchApplication          : Started BasesSpringBatchApplication in 2.602 seconds (process running for 3.031)
2025-10-30T14:59:22.706+01:00 DEBUG 21236 --- [basesSpringBatch] [main] t.b.BasesSpringBatchApplication          : BasesSpringBatchApplication launched with args =[]
2025-10-30T14:59:22.706+01:00 DEBUG 21236 --- [basesSpringBatch] [main] t.b.BasesSpringBatchApplication          : BasesSpringBatchApplication jobName from defaultJobName=myHelloWorldJob
2025-10-30T14:59:22.707+01:00  INFO 21236 --- [basesSpringBatch] [main] t.b.BasesSpringBatchApplication          : ****>>> jobName=myHelloWorldJob inputFilePath=data/input/csv/newDetailsProducts.csv outputFilePath=data/output/xml/products.xml
2025-10-30T14:59:22.771+01:00  INFO 21236 --- [basesSpringBatch] [SimpleAsyncTaskExecutor-1] o.s.b.c.l.s.TaskExecutorJobLauncher      : Job: [SimpleJob: [name=myHelloWorldJob]] launched with the following parameters: [{'enableUpperCase':'{value=true, type=class java.lang.String, identifying=true}','increaseRatePct':'{value=5.0, type=class java.lang.Double, identifying=true}','timeStampOfJobInstance':'{value=1761832762707, type=class java.lang.Long, identifying=true}','productCategoryToIncrease':'{value=aliment, type=class java.lang.String, identifying=true}','inputFilePath':'{value=data/input/csv/newDetailsProducts.csv, type=class java.lang.String, identifying=true}','outputFilePath':'{value=data/output/xml/products.xml, type=class java.lang.String, identifying=true}','dataSetSize':'{value=5000, type=class java.lang.Long, identifying=true}'}]
2025-10-30T14:59:22.814+01:00  INFO 21236 --- [basesSpringBatch] [SimpleAsyncTaskExecutor-1] o.s.batch.core.job.SimpleStepHandler     : Executing step: [simplePrintMessageStep]
2025-10-30T14:59:22.834+01:00  INFO 21236 --- [basesSpringBatch] [SimpleAsyncTaskExecutor-1] o.s.batch.core.step.AbstractStep         : Step: [simplePrintMessageStep] executed in 18ms
2025-10-30T14:59:22.847+01:00  INFO 21236 --- [basesSpringBatch] [SimpleAsyncTaskExecutor-1] o.s.b.c.l.s.TaskExecutorJobLauncher      : Job: [SimpleJob: [name=myHelloWorldJob]] completed with the following parameters: [{'enableUpperCase':'{value=true, type=class java.lang.String, identifying=true}','increaseRatePct':'{value=5.0, type=class java.lang.Double, identifying=true}','timeStampOfJobInstance':'{value=1761832762707, type=class java.lang.Long, identifying=true}','productCategoryToIncrease':'{value=aliment, type=class java.lang.String, identifying=true}','inputFilePath':'{value=data/input/csv/newDetailsProducts.csv, type=class java.lang.String, identifying=true}','outputFilePath':'{value=data/output/xml/products.xml, type=class java.lang.String, identifying=true}','dataSetSize':'{value=5000, type=class java.lang.Long, identifying=true}'}] and the following status: [COMPLETED] in 56ms
2025-10-30T14:59:27.796+01:00  INFO 21236 --- [basesSpringBatch] [SpringApplicationShutdownHook] com.zaxxer.hikari.HikariDataSource       : HikariPool-1 - Shutdown initiated...
2025-10-30T14:59:27.801+01:00  INFO 21236 --- [basesSpringBatch] [SpringApplicationShutdownHook] com.zaxxer.hikari.HikariDataSource       : HikariPool-1 - Shutdown completed.
2025-10-30T15:02:07.693+01:00  INFO 5180 --- [basesSpringBatch] [main] t.b.BasesSpringBatchApplication          : Starting BasesSpringBatchApplication using Java 21.0.8 with PID 5180 (C:\tp\local-git-didier-tp-repositories\tp-spring-batch\tp\2025\basesSpringBatch\target\classes started by d2fde in C:\tp\local-git-didier-tp-repositories\tp-spring-batch\tp\2025\basesSpringBatch)
2025-10-30T15:02:07.695+01:00 DEBUG 5180 --- [basesSpringBatch] [main] t.b.BasesSpringBatchApplication          : Running with Spring Boot v3.5.6, Spring v6.2.11
2025-10-30T15:02:07.696+01:00  INFO 5180 --- [basesSpringBatch] [main] t.b.BasesSpringBatchApplication          : No active profile set, falling back to 1 default profile: "mariadb"
2025-10-30T15:02:08.733+01:00  INFO 5180 --- [basesSpringBatch] [main] com.zaxxer.hikari.HikariDataSource       : HikariPool-1 - Starting...
2025-10-30T15:02:08.891+01:00  INFO 5180 --- [basesSpringBatch] [main] com.zaxxer.hikari.pool.HikariPool        : HikariPool-1 - Added connection org.mariadb.jdbc.Connection@409986fe
2025-10-30T15:02:08.894+01:00  INFO 5180 --- [basesSpringBatch] [main] com.zaxxer.hikari.HikariDataSource       : HikariPool-1 - Start completed.
2025-10-30T15:02:08.915+01:00  WARN 5180 --- [basesSpringBatch] [main] o.m.jdbc.message.server.ErrorPacket      : Error: 1050-42S01: Table 'batch_job_instance' already exists
2025-10-30T15:02:08.916+01:00  WARN 5180 --- [basesSpringBatch] [main] o.m.jdbc.message.server.ErrorPacket      : Error: 1050-42S01: Table 'batch_job_execution' already exists
2025-10-30T15:02:08.917+01:00  WARN 5180 --- [basesSpringBatch] [main] o.m.jdbc.message.server.ErrorPacket      : Error: 1050-42S01: Table 'batch_job_execution_params' already exists
2025-10-30T15:02:08.918+01:00  WARN 5180 --- [basesSpringBatch] [main] o.m.jdbc.message.server.ErrorPacket      : Error: 1050-42S01: Table 'batch_step_execution' already exists
2025-10-30T15:02:08.918+01:00  WARN 5180 --- [basesSpringBatch] [main] o.m.jdbc.message.server.ErrorPacket      : Error: 1050-42S01: Table 'batch_step_execution_context' already exists
2025-10-30T15:02:08.919+01:00  WARN 5180 --- [basesSpringBatch] [main] o.m.jdbc.message.server.ErrorPacket      : Error: 1050-42S01: Table 'batch_job_execution_context' already exists
2025-10-30T15:02:08.920+01:00  WARN 5180 --- [basesSpringBatch] [main] o.m.jdbc.message.server.ErrorPacket      : Error: 1050-42S01: Table 'batch_step_execution_seq' already exists
2025-10-30T15:02:08.921+01:00  WARN 5180 --- [basesSpringBatch] [main] o.m.jdbc.message.server.ErrorPacket      : Error: 1050-42S01: Table 'batch_job_execution_seq' already exists
2025-10-30T15:02:08.921+01:00  WARN 5180 --- [basesSpringBatch] [main] o.m.jdbc.message.server.ErrorPacket      : Error: 1050-42S01: Table 'batch_job_seq' already exists
2025-10-30T15:02:09.179+01:00  WARN 5180 --- [basesSpringBatch] [main] o.s.b.c.l.AbstractListenerFactoryBean    : org.springframework.batch.item.ItemReader is an interface. The implementing class will not be queried for annotation based listener configurations. If using @StepScope on a @Bean method, be sure to return the implementing class so listener annotations can be used.
2025-10-30T15:02:09.269+01:00  WARN 5180 --- [basesSpringBatch] [main] o.s.b.c.l.AbstractListenerFactoryBean    : org.springframework.batch.item.ItemReader is an interface. The implementing class will not be queried for annotation based listener configurations. If using @StepScope on a @Bean method, be sure to return the implementing class so listener annotations can be used.
2025-10-30T15:02:09.480+01:00  WARN 5180 --- [basesSpringBatch] [main] o.s.b.c.l.AbstractListenerFactoryBean    : org.springframework.batch.item.ItemStreamWriter is an interface. The implementing class will not be queried for annotation based listener configurations. If using @StepScope on a @Bean method, be sure to return the implementing class so listener annotations can be used.
2025-10-30T15:02:09.659+01:00  INFO 5180 --- [basesSpringBatch] [main] t.b.BasesSpringBatchApplication          : Started BasesSpringBatchApplication in 2.538 seconds (process running for 2.948)
2025-10-30T15:02:09.664+01:00 DEBUG 5180 --- [basesSpringBatch] [main] t.b.BasesSpringBatchApplication          : BasesSpringBatchApplication launched with args =[]
2025-10-30T15:02:09.664+01:00 DEBUG 5180 --- [basesSpringBatch] [main] t.b.BasesSpringBatchApplication          : BasesSpringBatchApplication jobName from defaultJobName=myHelloWorldJob
2025-10-30T15:02:09.665+01:00  INFO 5180 --- [basesSpringBatch] [main] t.b.BasesSpringBatchApplication          : ****>>> jobName=myHelloWorldJob inputFilePath=data/input/csv/newDetailsProducts.csv outputFilePath=data/output/xml/products.xml
2025-10-30T15:02:09.719+01:00  INFO 5180 --- [basesSpringBatch] [SimpleAsyncTaskExecutor-1] o.s.b.c.l.s.TaskExecutorJobLauncher      : Job: [SimpleJob: [name=myHelloWorldJob]] launched with the following parameters: [{'enableUpperCase':'{value=true, type=class java.lang.String, identifying=true}','increaseRatePct':'{value=5.0, type=class java.lang.Double, identifying=true}','timeStampOfJobInstance':'{value=1761832929665, type=class java.lang.Long, identifying=true}','productCategoryToIncrease':'{value=aliment, type=class java.lang.String, identifying=true}','inputFilePath':'{value=data/input/csv/newDetailsProducts.csv, type=class java.lang.String, identifying=true}','outputFilePath':'{value=data/output/xml/products.xml, type=class java.lang.String, identifying=true}','dataSetSize':'{value=5000, type=class java.lang.Long, identifying=true}'}]
2025-10-30T15:02:09.750+01:00  INFO 5180 --- [basesSpringBatch] [SimpleAsyncTaskExecutor-1] o.s.batch.core.job.SimpleStepHandler     : Executing step: [simplePrintMessageStep]
2025-10-30T15:02:09.770+01:00  INFO 5180 --- [basesSpringBatch] [SimpleAsyncTaskExecutor-1] o.s.batch.core.step.AbstractStep         : Step: [simplePrintMessageStep] executed in 20ms
2025-10-30T15:02:09.786+01:00  INFO 5180 --- [basesSpringBatch] [SimpleAsyncTaskExecutor-1] o.s.b.c.l.s.TaskExecutorJobLauncher      : Job: [SimpleJob: [name=myHelloWorldJob]] completed with the following parameters: [{'enableUpperCase':'{value=true, type=class java.lang.String, identifying=true}','increaseRatePct':'{value=5.0, type=class java.lang.Double, identifying=true}','timeStampOfJobInstance':'{value=1761832929665, type=class java.lang.Long, identifying=true}','productCategoryToIncrease':'{value=aliment, type=class java.lang.String, identifying=true}','inputFilePath':'{value=data/input/csv/newDetailsProducts.csv, type=class java.lang.String, identifying=true}','outputFilePath':'{value=data/output/xml/products.xml, type=class java.lang.String, identifying=true}','dataSetSize':'{value=5000, type=class java.lang.Long, identifying=true}'}] and the following status: [COMPLETED] in 48ms
2025-10-30T15:02:09.803+01:00  INFO 5180 --- [basesSpringBatch] [SpringApplicationShutdownHook] com.zaxxer.hikari.HikariDataSource       : HikariPool-1 - Shutdown initiated...
2025-10-30T15:02:09.807+01:00  INFO 5180 --- [basesSpringBatch] [SpringApplicationShutdownHook] com.zaxxer.hikari.HikariDataSource       : HikariPool-1 - Shutdown completed.
