2025-10-31T10:55:01.288+01:00  INFO 18552 --- [basesSpringBatch] [main] t.b.BasesSpringBatchApplication          : Starting BasesSpringBatchApplication v0.0.1-SNAPSHOT using Java 25 with PID 18552 (C:\tp\local-git-didier-tp-repositories\tp-spring-batch\tp\2025\basesSpringBatch\target\basesSpringBatch.jar started by d2fde in C:\tp\local-git-didier-tp-repositories\tp-spring-batch\tp\2025\myBatchAdmin)
2025-10-31T10:55:01.290+01:00 DEBUG 18552 --- [basesSpringBatch] [main] t.b.BasesSpringBatchApplication          : Running with Spring Boot v3.5.6, Spring v6.2.11
2025-10-31T10:55:01.291+01:00  INFO 18552 --- [basesSpringBatch] [main] t.b.BasesSpringBatchApplication          : No active profile set, falling back to 1 default profile: "mariadb"
2025-10-31T10:55:01.295+01:00  INFO 16272 --- [basesSpringBatch] [main] t.b.BasesSpringBatchApplication          : Starting BasesSpringBatchApplication v0.0.1-SNAPSHOT using Java 25 with PID 16272 (C:\tp\local-git-didier-tp-repositories\tp-spring-batch\tp\2025\basesSpringBatch\target\basesSpringBatch.jar started by d2fde in C:\tp\local-git-didier-tp-repositories\tp-spring-batch\tp\2025\myBatchAdmin)
2025-10-31T10:55:01.298+01:00 DEBUG 16272 --- [basesSpringBatch] [main] t.b.BasesSpringBatchApplication          : Running with Spring Boot v3.5.6, Spring v6.2.11
2025-10-31T10:55:01.299+01:00  INFO 16272 --- [basesSpringBatch] [main] t.b.BasesSpringBatchApplication          : No active profile set, falling back to 1 default profile: "mariadb"
2025-10-31T10:55:02.616+01:00  INFO 18552 --- [basesSpringBatch] [main] com.zaxxer.hikari.HikariDataSource       : HikariPool-1 - Starting...
2025-10-31T10:55:02.618+01:00  INFO 16272 --- [basesSpringBatch] [main] com.zaxxer.hikari.HikariDataSource       : HikariPool-1 - Starting...
2025-10-31T10:55:02.865+01:00  INFO 16272 --- [basesSpringBatch] [main] com.zaxxer.hikari.pool.HikariPool        : HikariPool-1 - Added connection org.mariadb.jdbc.Connection@49a26d19
2025-10-31T10:55:02.867+01:00  INFO 18552 --- [basesSpringBatch] [main] com.zaxxer.hikari.pool.HikariPool        : HikariPool-1 - Added connection org.mariadb.jdbc.Connection@4ca8dbfa
2025-10-31T10:55:02.868+01:00  INFO 16272 --- [basesSpringBatch] [main] com.zaxxer.hikari.HikariDataSource       : HikariPool-1 - Start completed.
2025-10-31T10:55:02.871+01:00  INFO 18552 --- [basesSpringBatch] [main] com.zaxxer.hikari.HikariDataSource       : HikariPool-1 - Start completed.
2025-10-31T10:55:02.893+01:00  WARN 16272 --- [basesSpringBatch] [main] o.m.jdbc.message.server.ErrorPacket      : Error: 1050-42S01: Table 'batch_job_instance' already exists
2025-10-31T10:55:02.894+01:00  WARN 16272 --- [basesSpringBatch] [main] o.m.jdbc.message.server.ErrorPacket      : Error: 1050-42S01: Table 'batch_job_execution' already exists
2025-10-31T10:55:02.894+01:00  WARN 18552 --- [basesSpringBatch] [main] o.m.jdbc.message.server.ErrorPacket      : Error: 1050-42S01: Table 'batch_job_instance' already exists
2025-10-31T10:55:02.895+01:00  WARN 16272 --- [basesSpringBatch] [main] o.m.jdbc.message.server.ErrorPacket      : Error: 1050-42S01: Table 'batch_job_execution_params' already exists
2025-10-31T10:55:02.896+01:00  WARN 18552 --- [basesSpringBatch] [main] o.m.jdbc.message.server.ErrorPacket      : Error: 1050-42S01: Table 'batch_job_execution' already exists
2025-10-31T10:55:02.896+01:00  WARN 16272 --- [basesSpringBatch] [main] o.m.jdbc.message.server.ErrorPacket      : Error: 1050-42S01: Table 'batch_step_execution' already exists
2025-10-31T10:55:02.896+01:00  WARN 18552 --- [basesSpringBatch] [main] o.m.jdbc.message.server.ErrorPacket      : Error: 1050-42S01: Table 'batch_job_execution_params' already exists
2025-10-31T10:55:02.897+01:00  WARN 16272 --- [basesSpringBatch] [main] o.m.jdbc.message.server.ErrorPacket      : Error: 1050-42S01: Table 'batch_step_execution_context' already exists
2025-10-31T10:55:02.897+01:00  WARN 18552 --- [basesSpringBatch] [main] o.m.jdbc.message.server.ErrorPacket      : Error: 1050-42S01: Table 'batch_step_execution' already exists
2025-10-31T10:55:02.897+01:00  WARN 16272 --- [basesSpringBatch] [main] o.m.jdbc.message.server.ErrorPacket      : Error: 1050-42S01: Table 'batch_job_execution_context' already exists
2025-10-31T10:55:02.898+01:00  WARN 18552 --- [basesSpringBatch] [main] o.m.jdbc.message.server.ErrorPacket      : Error: 1050-42S01: Table 'batch_step_execution_context' already exists
2025-10-31T10:55:02.898+01:00  WARN 16272 --- [basesSpringBatch] [main] o.m.jdbc.message.server.ErrorPacket      : Error: 1050-42S01: Table 'batch_step_execution_seq' already exists
2025-10-31T10:55:02.898+01:00  WARN 18552 --- [basesSpringBatch] [main] o.m.jdbc.message.server.ErrorPacket      : Error: 1050-42S01: Table 'batch_job_execution_context' already exists
2025-10-31T10:55:02.898+01:00  WARN 16272 --- [basesSpringBatch] [main] o.m.jdbc.message.server.ErrorPacket      : Error: 1050-42S01: Table 'batch_job_execution_seq' already exists
2025-10-31T10:55:02.899+01:00  WARN 18552 --- [basesSpringBatch] [main] o.m.jdbc.message.server.ErrorPacket      : Error: 1050-42S01: Table 'batch_step_execution_seq' already exists
2025-10-31T10:55:02.899+01:00  WARN 16272 --- [basesSpringBatch] [main] o.m.jdbc.message.server.ErrorPacket      : Error: 1050-42S01: Table 'batch_job_seq' already exists
2025-10-31T10:55:02.899+01:00  WARN 18552 --- [basesSpringBatch] [main] o.m.jdbc.message.server.ErrorPacket      : Error: 1050-42S01: Table 'batch_job_execution_seq' already exists
2025-10-31T10:55:02.899+01:00  WARN 18552 --- [basesSpringBatch] [main] o.m.jdbc.message.server.ErrorPacket      : Error: 1050-42S01: Table 'batch_job_seq' already exists
2025-10-31T10:55:03.173+01:00  WARN 18552 --- [basesSpringBatch] [main] o.s.b.c.l.AbstractListenerFactoryBean    : org.springframework.batch.item.ItemReader is an interface. The implementing class will not be queried for annotation based listener configurations. If using @StepScope on a @Bean method, be sure to return the implementing class so listener annotations can be used.
2025-10-31T10:55:03.195+01:00  WARN 16272 --- [basesSpringBatch] [main] o.s.b.c.l.AbstractListenerFactoryBean    : org.springframework.batch.item.ItemReader is an interface. The implementing class will not be queried for annotation based listener configurations. If using @StepScope on a @Bean method, be sure to return the implementing class so listener annotations can be used.
2025-10-31T10:55:03.333+01:00  WARN 16272 --- [basesSpringBatch] [main] o.s.b.c.l.AbstractListenerFactoryBean    : org.springframework.batch.item.ItemReader is an interface. The implementing class will not be queried for annotation based listener configurations. If using @StepScope on a @Bean method, be sure to return the implementing class so listener annotations can be used.
2025-10-31T10:55:03.336+01:00  WARN 18552 --- [basesSpringBatch] [main] o.s.b.c.l.AbstractListenerFactoryBean    : org.springframework.batch.item.ItemReader is an interface. The implementing class will not be queried for annotation based listener configurations. If using @StepScope on a @Bean method, be sure to return the implementing class so listener annotations can be used.
2025-10-31T10:56:01.276+01:00  INFO 23740 --- [basesSpringBatch] [main] t.b.BasesSpringBatchApplication          : Starting BasesSpringBatchApplication v0.0.1-SNAPSHOT using Java 25 with PID 23740 (C:\tp\local-git-didier-tp-repositories\tp-spring-batch\tp\2025\basesSpringBatch\target\basesSpringBatch.jar started by d2fde in C:\tp\local-git-didier-tp-repositories\tp-spring-batch\tp\2025\myBatchAdmin)
2025-10-31T10:56:01.278+01:00 DEBUG 23740 --- [basesSpringBatch] [main] t.b.BasesSpringBatchApplication          : Running with Spring Boot v3.5.6, Spring v6.2.11
2025-10-31T10:56:01.280+01:00  INFO 23740 --- [basesSpringBatch] [main] t.b.BasesSpringBatchApplication          : No active profile set, falling back to 1 default profile: "mariadb"
2025-10-31T10:56:01.282+01:00  INFO 10336 --- [basesSpringBatch] [main] t.b.BasesSpringBatchApplication          : Starting BasesSpringBatchApplication v0.0.1-SNAPSHOT using Java 25 with PID 10336 (C:\tp\local-git-didier-tp-repositories\tp-spring-batch\tp\2025\basesSpringBatch\target\basesSpringBatch.jar started by d2fde in C:\tp\local-git-didier-tp-repositories\tp-spring-batch\tp\2025\myBatchAdmin)
2025-10-31T10:56:01.285+01:00 DEBUG 10336 --- [basesSpringBatch] [main] t.b.BasesSpringBatchApplication          : Running with Spring Boot v3.5.6, Spring v6.2.11
2025-10-31T10:56:01.286+01:00  INFO 10336 --- [basesSpringBatch] [main] t.b.BasesSpringBatchApplication          : No active profile set, falling back to 1 default profile: "mariadb"
2025-10-31T10:56:02.525+01:00  INFO 23740 --- [basesSpringBatch] [main] com.zaxxer.hikari.HikariDataSource       : HikariPool-1 - Starting...
2025-10-31T10:56:02.560+01:00  INFO 10336 --- [basesSpringBatch] [main] com.zaxxer.hikari.HikariDataSource       : HikariPool-1 - Starting...
2025-10-31T10:56:02.789+01:00  INFO 23740 --- [basesSpringBatch] [main] com.zaxxer.hikari.pool.HikariPool        : HikariPool-1 - Added connection org.mariadb.jdbc.Connection@409986fe
2025-10-31T10:56:02.791+01:00  INFO 23740 --- [basesSpringBatch] [main] com.zaxxer.hikari.HikariDataSource       : HikariPool-1 - Start completed.
2025-10-31T10:56:02.812+01:00  WARN 23740 --- [basesSpringBatch] [main] o.m.jdbc.message.server.ErrorPacket      : Error: 1050-42S01: Table 'batch_job_instance' already exists
2025-10-31T10:56:02.814+01:00  WARN 23740 --- [basesSpringBatch] [main] o.m.jdbc.message.server.ErrorPacket      : Error: 1050-42S01: Table 'batch_job_execution' already exists
2025-10-31T10:56:02.815+01:00  WARN 23740 --- [basesSpringBatch] [main] o.m.jdbc.message.server.ErrorPacket      : Error: 1050-42S01: Table 'batch_job_execution_params' already exists
2025-10-31T10:56:02.816+01:00  WARN 23740 --- [basesSpringBatch] [main] o.m.jdbc.message.server.ErrorPacket      : Error: 1050-42S01: Table 'batch_step_execution' already exists
2025-10-31T10:56:02.816+01:00  WARN 23740 --- [basesSpringBatch] [main] o.m.jdbc.message.server.ErrorPacket      : Error: 1050-42S01: Table 'batch_step_execution_context' already exists
2025-10-31T10:56:02.817+01:00  WARN 23740 --- [basesSpringBatch] [main] o.m.jdbc.message.server.ErrorPacket      : Error: 1050-42S01: Table 'batch_job_execution_context' already exists
2025-10-31T10:56:02.818+01:00  WARN 23740 --- [basesSpringBatch] [main] o.m.jdbc.message.server.ErrorPacket      : Error: 1050-42S01: Table 'batch_step_execution_seq' already exists
2025-10-31T10:56:02.818+01:00  WARN 23740 --- [basesSpringBatch] [main] o.m.jdbc.message.server.ErrorPacket      : Error: 1050-42S01: Table 'batch_job_execution_seq' already exists
2025-10-31T10:56:02.818+01:00  WARN 23740 --- [basesSpringBatch] [main] o.m.jdbc.message.server.ErrorPacket      : Error: 1050-42S01: Table 'batch_job_seq' already exists
2025-10-31T10:56:02.830+01:00  INFO 10336 --- [basesSpringBatch] [main] com.zaxxer.hikari.pool.HikariPool        : HikariPool-1 - Added connection org.mariadb.jdbc.Connection@dab48d3
2025-10-31T10:56:02.833+01:00  INFO 10336 --- [basesSpringBatch] [main] com.zaxxer.hikari.HikariDataSource       : HikariPool-1 - Start completed.
2025-10-31T10:56:02.858+01:00  WARN 10336 --- [basesSpringBatch] [main] o.m.jdbc.message.server.ErrorPacket      : Error: 1050-42S01: Table 'batch_job_instance' already exists
2025-10-31T10:56:02.860+01:00  WARN 10336 --- [basesSpringBatch] [main] o.m.jdbc.message.server.ErrorPacket      : Error: 1050-42S01: Table 'batch_job_execution' already exists
2025-10-31T10:56:02.860+01:00  WARN 10336 --- [basesSpringBatch] [main] o.m.jdbc.message.server.ErrorPacket      : Error: 1050-42S01: Table 'batch_job_execution_params' already exists
2025-10-31T10:56:02.861+01:00  WARN 10336 --- [basesSpringBatch] [main] o.m.jdbc.message.server.ErrorPacket      : Error: 1050-42S01: Table 'batch_step_execution' already exists
2025-10-31T10:56:02.862+01:00  WARN 10336 --- [basesSpringBatch] [main] o.m.jdbc.message.server.ErrorPacket      : Error: 1050-42S01: Table 'batch_step_execution_context' already exists
2025-10-31T10:56:02.863+01:00  WARN 10336 --- [basesSpringBatch] [main] o.m.jdbc.message.server.ErrorPacket      : Error: 1050-42S01: Table 'batch_job_execution_context' already exists
2025-10-31T10:56:02.864+01:00  WARN 10336 --- [basesSpringBatch] [main] o.m.jdbc.message.server.ErrorPacket      : Error: 1050-42S01: Table 'batch_step_execution_seq' already exists
2025-10-31T10:56:02.864+01:00  WARN 10336 --- [basesSpringBatch] [main] o.m.jdbc.message.server.ErrorPacket      : Error: 1050-42S01: Table 'batch_job_execution_seq' already exists
2025-10-31T10:56:02.865+01:00  WARN 10336 --- [basesSpringBatch] [main] o.m.jdbc.message.server.ErrorPacket      : Error: 1050-42S01: Table 'batch_job_seq' already exists
2025-10-31T10:56:03.104+01:00  WARN 23740 --- [basesSpringBatch] [main] o.s.b.c.l.AbstractListenerFactoryBean    : org.springframework.batch.item.ItemReader is an interface. The implementing class will not be queried for annotation based listener configurations. If using @StepScope on a @Bean method, be sure to return the implementing class so listener annotations can be used.
2025-10-31T10:56:03.153+01:00  WARN 10336 --- [basesSpringBatch] [main] o.s.b.c.l.AbstractListenerFactoryBean    : org.springframework.batch.item.ItemReader is an interface. The implementing class will not be queried for annotation based listener configurations. If using @StepScope on a @Bean method, be sure to return the implementing class so listener annotations can be used.
2025-10-31T10:56:03.235+01:00  WARN 23740 --- [basesSpringBatch] [main] o.s.b.c.l.AbstractListenerFactoryBean    : org.springframework.batch.item.ItemReader is an interface. The implementing class will not be queried for annotation based listener configurations. If using @StepScope on a @Bean method, be sure to return the implementing class so listener annotations can be used.
2025-10-31T10:56:03.318+01:00  WARN 10336 --- [basesSpringBatch] [main] o.s.b.c.l.AbstractListenerFactoryBean    : org.springframework.batch.item.ItemReader is an interface. The implementing class will not be queried for annotation based listener configurations. If using @StepScope on a @Bean method, be sure to return the implementing class so listener annotations can be used.
2025-10-31T10:57:01.177+01:00  INFO 7912 --- [basesSpringBatch] [main] t.b.BasesSpringBatchApplication          : Starting BasesSpringBatchApplication v0.0.1-SNAPSHOT using Java 25 with PID 7912 (C:\tp\local-git-didier-tp-repositories\tp-spring-batch\tp\2025\basesSpringBatch\target\basesSpringBatch.jar started by d2fde in C:\tp\local-git-didier-tp-repositories\tp-spring-batch\tp\2025\myBatchAdmin)
2025-10-31T10:57:01.180+01:00 DEBUG 7912 --- [basesSpringBatch] [main] t.b.BasesSpringBatchApplication          : Running with Spring Boot v3.5.6, Spring v6.2.11
2025-10-31T10:57:01.181+01:00  INFO 7912 --- [basesSpringBatch] [main] t.b.BasesSpringBatchApplication          : No active profile set, falling back to 1 default profile: "mariadb"
2025-10-31T10:57:01.183+01:00  INFO 26220 --- [basesSpringBatch] [main] t.b.BasesSpringBatchApplication          : Starting BasesSpringBatchApplication v0.0.1-SNAPSHOT using Java 25 with PID 26220 (C:\tp\local-git-didier-tp-repositories\tp-spring-batch\tp\2025\basesSpringBatch\target\basesSpringBatch.jar started by d2fde in C:\tp\local-git-didier-tp-repositories\tp-spring-batch\tp\2025\myBatchAdmin)
2025-10-31T10:57:01.184+01:00 DEBUG 26220 --- [basesSpringBatch] [main] t.b.BasesSpringBatchApplication          : Running with Spring Boot v3.5.6, Spring v6.2.11
2025-10-31T10:57:01.185+01:00  INFO 26220 --- [basesSpringBatch] [main] t.b.BasesSpringBatchApplication          : No active profile set, falling back to 1 default profile: "mariadb"
2025-10-31T10:57:02.274+01:00  INFO 7912 --- [basesSpringBatch] [main] com.zaxxer.hikari.HikariDataSource       : HikariPool-1 - Starting...
2025-10-31T10:57:02.309+01:00  INFO 26220 --- [basesSpringBatch] [main] com.zaxxer.hikari.HikariDataSource       : HikariPool-1 - Starting...
2025-10-31T10:57:02.508+01:00  INFO 7912 --- [basesSpringBatch] [main] com.zaxxer.hikari.pool.HikariPool        : HikariPool-1 - Added connection org.mariadb.jdbc.Connection@69e05f61
2025-10-31T10:57:02.510+01:00  INFO 7912 --- [basesSpringBatch] [main] com.zaxxer.hikari.HikariDataSource       : HikariPool-1 - Start completed.
2025-10-31T10:57:02.530+01:00  WARN 7912 --- [basesSpringBatch] [main] o.m.jdbc.message.server.ErrorPacket      : Error: 1050-42S01: Table 'batch_job_instance' already exists
2025-10-31T10:57:02.531+01:00  WARN 7912 --- [basesSpringBatch] [main] o.m.jdbc.message.server.ErrorPacket      : Error: 1050-42S01: Table 'batch_job_execution' already exists
2025-10-31T10:57:02.532+01:00  WARN 7912 --- [basesSpringBatch] [main] o.m.jdbc.message.server.ErrorPacket      : Error: 1050-42S01: Table 'batch_job_execution_params' already exists
2025-10-31T10:57:02.532+01:00  WARN 7912 --- [basesSpringBatch] [main] o.m.jdbc.message.server.ErrorPacket      : Error: 1050-42S01: Table 'batch_step_execution' already exists
2025-10-31T10:57:02.533+01:00  WARN 7912 --- [basesSpringBatch] [main] o.m.jdbc.message.server.ErrorPacket      : Error: 1050-42S01: Table 'batch_step_execution_context' already exists
2025-10-31T10:57:02.533+01:00  WARN 7912 --- [basesSpringBatch] [main] o.m.jdbc.message.server.ErrorPacket      : Error: 1050-42S01: Table 'batch_job_execution_context' already exists
2025-10-31T10:57:02.534+01:00  WARN 7912 --- [basesSpringBatch] [main] o.m.jdbc.message.server.ErrorPacket      : Error: 1050-42S01: Table 'batch_step_execution_seq' already exists
2025-10-31T10:57:02.535+01:00  WARN 7912 --- [basesSpringBatch] [main] o.m.jdbc.message.server.ErrorPacket      : Error: 1050-42S01: Table 'batch_job_execution_seq' already exists
2025-10-31T10:57:02.535+01:00  WARN 7912 --- [basesSpringBatch] [main] o.m.jdbc.message.server.ErrorPacket      : Error: 1050-42S01: Table 'batch_job_seq' already exists
2025-10-31T10:57:02.564+01:00  INFO 26220 --- [basesSpringBatch] [main] com.zaxxer.hikari.pool.HikariPool        : HikariPool-1 - Added connection org.mariadb.jdbc.Connection@7275c74b
2025-10-31T10:57:02.567+01:00  INFO 26220 --- [basesSpringBatch] [main] com.zaxxer.hikari.HikariDataSource       : HikariPool-1 - Start completed.
2025-10-31T10:57:02.592+01:00  WARN 26220 --- [basesSpringBatch] [main] o.m.jdbc.message.server.ErrorPacket      : Error: 1050-42S01: Table 'batch_job_instance' already exists
2025-10-31T10:57:02.594+01:00  WARN 26220 --- [basesSpringBatch] [main] o.m.jdbc.message.server.ErrorPacket      : Error: 1050-42S01: Table 'batch_job_execution' already exists
2025-10-31T10:57:02.594+01:00  WARN 26220 --- [basesSpringBatch] [main] o.m.jdbc.message.server.ErrorPacket      : Error: 1050-42S01: Table 'batch_job_execution_params' already exists
2025-10-31T10:57:02.595+01:00  WARN 26220 --- [basesSpringBatch] [main] o.m.jdbc.message.server.ErrorPacket      : Error: 1050-42S01: Table 'batch_step_execution' already exists
2025-10-31T10:57:02.596+01:00  WARN 26220 --- [basesSpringBatch] [main] o.m.jdbc.message.server.ErrorPacket      : Error: 1050-42S01: Table 'batch_step_execution_context' already exists
2025-10-31T10:57:02.596+01:00  WARN 26220 --- [basesSpringBatch] [main] o.m.jdbc.message.server.ErrorPacket      : Error: 1050-42S01: Table 'batch_job_execution_context' already exists
2025-10-31T10:57:02.597+01:00  WARN 26220 --- [basesSpringBatch] [main] o.m.jdbc.message.server.ErrorPacket      : Error: 1050-42S01: Table 'batch_step_execution_seq' already exists
2025-10-31T10:57:02.597+01:00  WARN 26220 --- [basesSpringBatch] [main] o.m.jdbc.message.server.ErrorPacket      : Error: 1050-42S01: Table 'batch_job_execution_seq' already exists
2025-10-31T10:57:02.598+01:00  WARN 26220 --- [basesSpringBatch] [main] o.m.jdbc.message.server.ErrorPacket      : Error: 1050-42S01: Table 'batch_job_seq' already exists
2025-10-31T10:57:02.792+01:00  WARN 7912 --- [basesSpringBatch] [main] o.s.b.c.l.AbstractListenerFactoryBean    : org.springframework.batch.item.ItemReader is an interface. The implementing class will not be queried for annotation based listener configurations. If using @StepScope on a @Bean method, be sure to return the implementing class so listener annotations can be used.
2025-10-31T10:57:02.877+01:00  WARN 26220 --- [basesSpringBatch] [main] o.s.b.c.l.AbstractListenerFactoryBean    : org.springframework.batch.item.ItemReader is an interface. The implementing class will not be queried for annotation based listener configurations. If using @StepScope on a @Bean method, be sure to return the implementing class so listener annotations can be used.
2025-10-31T10:57:02.914+01:00  WARN 7912 --- [basesSpringBatch] [main] o.s.b.c.l.AbstractListenerFactoryBean    : org.springframework.batch.item.ItemReader is an interface. The implementing class will not be queried for annotation based listener configurations. If using @StepScope on a @Bean method, be sure to return the implementing class so listener annotations can be used.
2025-10-31T10:57:03.028+01:00  WARN 26220 --- [basesSpringBatch] [main] o.s.b.c.l.AbstractListenerFactoryBean    : org.springframework.batch.item.ItemReader is an interface. The implementing class will not be queried for annotation based listener configurations. If using @StepScope on a @Bean method, be sure to return the implementing class so listener annotations can be used.
2025-10-31T10:56:03.570+01:00  WARN 23740 --- [basesSpringBatch] [main] o.s.b.c.l.AbstractListenerFactoryBean    : org.springframework.batch.item.ItemStreamWriter is an interface. The implementing class will not be queried for annotation based listener configurations. If using @StepScope on a @Bean method, be sure to return the implementing class so listener annotations can be used.
2025-10-31T10:55:03.650+01:00  WARN 18552 --- [basesSpringBatch] [main] o.s.b.c.l.AbstractListenerFactoryBean    : org.springframework.batch.item.ItemStreamWriter is an interface. The implementing class will not be queried for annotation based listener configurations. If using @StepScope on a @Bean method, be sure to return the implementing class so listener annotations can be used.
2025-10-31T10:57:03.198+01:00  WARN 7912 --- [basesSpringBatch] [main] o.s.b.c.l.AbstractListenerFactoryBean    : org.springframework.batch.item.ItemStreamWriter is an interface. The implementing class will not be queried for annotation based listener configurations. If using @StepScope on a @Bean method, be sure to return the implementing class so listener annotations can be used.
2025-10-31T10:57:03.307+01:00  WARN 26220 --- [basesSpringBatch] [main] o.s.b.c.l.AbstractListenerFactoryBean    : org.springframework.batch.item.ItemStreamWriter is an interface. The implementing class will not be queried for annotation based listener configurations. If using @StepScope on a @Bean method, be sure to return the implementing class so listener annotations can be used.
2025-10-31T10:55:03.672+01:00  WARN 16272 --- [basesSpringBatch] [main] o.s.b.c.l.AbstractListenerFactoryBean    : org.springframework.batch.item.ItemStreamWriter is an interface. The implementing class will not be queried for annotation based listener configurations. If using @StepScope on a @Bean method, be sure to return the implementing class so listener annotations can be used.
2025-10-31T10:56:03.615+01:00  WARN 10336 --- [basesSpringBatch] [main] o.s.b.c.l.AbstractListenerFactoryBean    : org.springframework.batch.item.ItemStreamWriter is an interface. The implementing class will not be queried for annotation based listener configurations. If using @StepScope on a @Bean method, be sure to return the implementing class so listener annotations can be used.
2025-10-31T10:57:06.102+01:00  INFO 7912 --- [basesSpringBatch] [main] t.b.BasesSpringBatchApplication          : Started BasesSpringBatchApplication in 5.524 seconds (process running for 6.047)
2025-10-31T10:57:06.108+01:00 DEBUG 7912 --- [basesSpringBatch] [main] t.b.BasesSpringBatchApplication          : BasesSpringBatchApplication launched with args =[myHelloWorldJob]
2025-10-31T10:57:06.109+01:00 DEBUG 7912 --- [basesSpringBatch] [main] t.b.BasesSpringBatchApplication          : BasesSpringBatchApplication jobName from args[0] =myHelloWorldJob
2025-10-31T10:57:06.109+01:00  INFO 7912 --- [basesSpringBatch] [main] t.b.BasesSpringBatchApplication          : ****>>> jobName=myHelloWorldJob inputFilePath=data/input/csv/newDetailsProducts.csv outputFilePath=data/output/xml/products.xml
2025-10-31T10:57:06.272+01:00  INFO 18552 --- [basesSpringBatch] [main] t.b.BasesSpringBatchApplication          : Started BasesSpringBatchApplication in 125.646 seconds (process running for 126.21)
2025-10-31T10:57:06.273+01:00  INFO 26220 --- [basesSpringBatch] [main] t.b.BasesSpringBatchApplication          : Started BasesSpringBatchApplication in 5.694 seconds (process running for 6.226)
2025-10-31T10:57:06.278+01:00 DEBUG 18552 --- [basesSpringBatch] [main] t.b.BasesSpringBatchApplication          : BasesSpringBatchApplication launched with args =[myHelloWorldJob]
2025-10-31T10:57:06.278+01:00 DEBUG 26220 --- [basesSpringBatch] [main] t.b.BasesSpringBatchApplication          : BasesSpringBatchApplication launched with args =[fromCsvToXmlJob]
2025-10-31T10:57:06.279+01:00 DEBUG 18552 --- [basesSpringBatch] [main] t.b.BasesSpringBatchApplication          : BasesSpringBatchApplication jobName from args[0] =myHelloWorldJob
2025-10-31T10:57:06.279+01:00  INFO 18552 --- [basesSpringBatch] [main] t.b.BasesSpringBatchApplication          : ****>>> jobName=myHelloWorldJob inputFilePath=data/input/csv/newDetailsProducts.csv outputFilePath=data/output/xml/products.xml
2025-10-31T10:57:06.279+01:00 DEBUG 26220 --- [basesSpringBatch] [main] t.b.BasesSpringBatchApplication          : BasesSpringBatchApplication jobName from args[0] =fromCsvToXmlJob
2025-10-31T10:57:06.280+01:00  INFO 26220 --- [basesSpringBatch] [main] t.b.BasesSpringBatchApplication          : ****>>> jobName=fromCsvToXmlJob inputFilePath=data/input/csv/products.csv outputFilePath=data/output/xml/products.xml
2025-10-31T10:57:06.319+01:00  INFO 10336 --- [basesSpringBatch] [main] t.b.BasesSpringBatchApplication          : Started BasesSpringBatchApplication in 65.68 seconds (process running for 66.261)
2025-10-31T10:57:06.321+01:00  INFO 23740 --- [basesSpringBatch] [main] t.b.BasesSpringBatchApplication          : Started BasesSpringBatchApplication in 65.636 seconds (process running for 66.271)
2025-10-31T10:57:06.355+01:00 DEBUG 10336 --- [basesSpringBatch] [main] t.b.BasesSpringBatchApplication          : BasesSpringBatchApplication launched with args =[fromCsvToXmlJob]
2025-10-31T10:57:06.357+01:00 DEBUG 10336 --- [basesSpringBatch] [main] t.b.BasesSpringBatchApplication          : BasesSpringBatchApplication jobName from args[0] =fromCsvToXmlJob
2025-10-31T10:57:06.362+01:00  INFO 10336 --- [basesSpringBatch] [main] t.b.BasesSpringBatchApplication          : ****>>> jobName=fromCsvToXmlJob inputFilePath=data/input/csv/products.csv outputFilePath=data/output/xml/products.xml
2025-10-31T10:57:06.366+01:00 DEBUG 23740 --- [basesSpringBatch] [main] t.b.BasesSpringBatchApplication          : BasesSpringBatchApplication launched with args =[myHelloWorldJob]
2025-10-31T10:57:06.367+01:00 DEBUG 23740 --- [basesSpringBatch] [main] t.b.BasesSpringBatchApplication          : BasesSpringBatchApplication jobName from args[0] =myHelloWorldJob
2025-10-31T10:57:06.368+01:00  INFO 23740 --- [basesSpringBatch] [main] t.b.BasesSpringBatchApplication          : ****>>> jobName=myHelloWorldJob inputFilePath=data/input/csv/newDetailsProducts.csv outputFilePath=data/output/xml/products.xml
2025-10-31T10:57:06.501+01:00  INFO 16272 --- [basesSpringBatch] [main] t.b.BasesSpringBatchApplication          : Started BasesSpringBatchApplication in 125.829 seconds (process running for 126.432)
2025-10-31T10:57:06.508+01:00 DEBUG 16272 --- [basesSpringBatch] [main] t.b.BasesSpringBatchApplication          : BasesSpringBatchApplication launched with args =[fromCsvToXmlJob]
2025-10-31T10:57:06.509+01:00 DEBUG 16272 --- [basesSpringBatch] [main] t.b.BasesSpringBatchApplication          : BasesSpringBatchApplication jobName from args[0] =fromCsvToXmlJob
2025-10-31T10:57:06.511+01:00  INFO 16272 --- [basesSpringBatch] [main] t.b.BasesSpringBatchApplication          : ****>>> jobName=fromCsvToXmlJob inputFilePath=data/input/csv/products.csv outputFilePath=data/output/xml/products.xml
2025-10-31T10:57:06.468+01:00  INFO 18552 --- [basesSpringBatch] [SimpleAsyncTaskExecutor-1] o.s.b.c.l.s.TaskExecutorJobLauncher      : Job: [SimpleJob: [name=myHelloWorldJob]] launched with the following parameters: [{'enableUpperCase':'{value=true, type=class java.lang.String, identifying=true}','increaseRatePct':'{value=5.0, type=class java.lang.Double, identifying=true}','timeStampOfJobInstance':'{value=1761904626280, type=class java.lang.Long, identifying=true}','productCategoryToIncrease':'{value=aliment, type=class java.lang.String, identifying=true}','inputFilePath':'{value=data/input/csv/newDetailsProducts.csv, type=class java.lang.String, identifying=true}','outputFilePath':'{value=data/output/xml/products.xml, type=class java.lang.String, identifying=true}','dataSetSize':'{value=5000, type=class java.lang.Long, identifying=true}'}]
2025-10-31T10:57:06.507+01:00  INFO 7912 --- [basesSpringBatch] [SimpleAsyncTaskExecutor-1] o.s.b.c.l.s.TaskExecutorJobLauncher      : Job: [SimpleJob: [name=myHelloWorldJob]] launched with the following parameters: [{'enableUpperCase':'{value=true, type=class java.lang.String, identifying=true}','increaseRatePct':'{value=5.0, type=class java.lang.Double, identifying=true}','timeStampOfJobInstance':'{value=1761904626110, type=class java.lang.Long, identifying=true}','productCategoryToIncrease':'{value=aliment, type=class java.lang.String, identifying=true}','inputFilePath':'{value=data/input/csv/newDetailsProducts.csv, type=class java.lang.String, identifying=true}','outputFilePath':'{value=data/output/xml/products.xml, type=class java.lang.String, identifying=true}','dataSetSize':'{value=5000, type=class java.lang.Long, identifying=true}'}]
2025-10-31T10:57:06.616+01:00  INFO 7912 --- [basesSpringBatch] [SimpleAsyncTaskExecutor-1] o.s.batch.core.job.SimpleStepHandler     : Executing step: [simplePrintMessageStep]
2025-10-31T10:57:06.594+01:00  INFO 10336 --- [basesSpringBatch] [SimpleAsyncTaskExecutor-1] o.s.b.c.l.s.TaskExecutorJobLauncher      : Job: [SimpleJob: [name=fromCsvToXmlJob]] launched with the following parameters: [{'enableUpperCase':'{value=false, type=class java.lang.String, identifying=true}','increaseRatePct':'{value=5.0, type=class java.lang.Double, identifying=true}','timeStampOfJobInstance':'{value=1761904626364, type=class java.lang.Long, identifying=true}','productCategoryToIncrease':'{value=aliment, type=class java.lang.String, identifying=true}','inputFilePath':'{value=data/input/csv/products.csv, type=class java.lang.String, identifying=true}','outputFilePath':'{value=data/output/xml/products.xml, type=class java.lang.String, identifying=true}','dataSetSize':'{value=5000, type=class java.lang.Long, identifying=true}'}]
2025-10-31T10:57:06.664+01:00  INFO 26220 --- [basesSpringBatch] [SimpleAsyncTaskExecutor-1] o.s.b.c.l.s.TaskExecutorJobLauncher      : Job: [SimpleJob: [name=fromCsvToXmlJob]] launched with the following parameters: [{'enableUpperCase':'{value=false, type=class java.lang.String, identifying=true}','increaseRatePct':'{value=5.0, type=class java.lang.Double, identifying=true}','timeStampOfJobInstance':'{value=1761904626280, type=class java.lang.Long, identifying=true}','productCategoryToIncrease':'{value=aliment, type=class java.lang.String, identifying=true}','inputFilePath':'{value=data/input/csv/products.csv, type=class java.lang.String, identifying=true}','outputFilePath':'{value=data/output/xml/products.xml, type=class java.lang.String, identifying=true}','dataSetSize':'{value=5000, type=class java.lang.Long, identifying=true}'}]
2025-10-31T10:57:06.669+01:00  INFO 7912 --- [basesSpringBatch] [SimpleAsyncTaskExecutor-1] o.s.batch.core.step.AbstractStep         : Step: [simplePrintMessageStep] executed in 52ms
2025-10-31T10:57:06.686+01:00  INFO 23740 --- [basesSpringBatch] [SimpleAsyncTaskExecutor-1] o.s.b.c.l.s.TaskExecutorJobLauncher      : Job: [SimpleJob: [name=myHelloWorldJob]] launched with the following parameters: [{'enableUpperCase':'{value=true, type=class java.lang.String, identifying=true}','increaseRatePct':'{value=5.0, type=class java.lang.Double, identifying=true}','timeStampOfJobInstance':'{value=1761904626371, type=class java.lang.Long, identifying=true}','productCategoryToIncrease':'{value=aliment, type=class java.lang.String, identifying=true}','inputFilePath':'{value=data/input/csv/newDetailsProducts.csv, type=class java.lang.String, identifying=true}','outputFilePath':'{value=data/output/xml/products.xml, type=class java.lang.String, identifying=true}','dataSetSize':'{value=5000, type=class java.lang.Long, identifying=true}'}]
2025-10-31T10:57:06.695+01:00  INFO 18552 --- [basesSpringBatch] [SimpleAsyncTaskExecutor-1] o.s.batch.core.job.SimpleStepHandler     : Executing step: [simplePrintMessageStep]
2025-10-31T10:57:06.731+01:00  INFO 10336 --- [basesSpringBatch] [SimpleAsyncTaskExecutor-1] o.s.batch.core.job.SimpleStepHandler     : Executing step: [stepCsvToXml]
2025-10-31T10:57:06.721+01:00  INFO 16272 --- [basesSpringBatch] [SimpleAsyncTaskExecutor-1] o.s.b.c.l.s.TaskExecutorJobLauncher      : Job: [SimpleJob: [name=fromCsvToXmlJob]] launched with the following parameters: [{'enableUpperCase':'{value=false, type=class java.lang.String, identifying=true}','increaseRatePct':'{value=5.0, type=class java.lang.Double, identifying=true}','timeStampOfJobInstance':'{value=1761904626512, type=class java.lang.Long, identifying=true}','productCategoryToIncrease':'{value=aliment, type=class java.lang.String, identifying=true}','inputFilePath':'{value=data/input/csv/products.csv, type=class java.lang.String, identifying=true}','outputFilePath':'{value=data/output/xml/products.xml, type=class java.lang.String, identifying=true}','dataSetSize':'{value=5000, type=class java.lang.Long, identifying=true}'}]
2025-10-31T10:57:06.741+01:00  INFO 7912 --- [basesSpringBatch] [SimpleAsyncTaskExecutor-1] o.s.b.c.l.s.TaskExecutorJobLauncher      : Job: [SimpleJob: [name=myHelloWorldJob]] completed with the following parameters: [{'enableUpperCase':'{value=true, type=class java.lang.String, identifying=true}','increaseRatePct':'{value=5.0, type=class java.lang.Double, identifying=true}','timeStampOfJobInstance':'{value=1761904626110, type=class java.lang.Long, identifying=true}','productCategoryToIncrease':'{value=aliment, type=class java.lang.String, identifying=true}','inputFilePath':'{value=data/input/csv/newDetailsProducts.csv, type=class java.lang.String, identifying=true}','outputFilePath':'{value=data/output/xml/products.xml, type=class java.lang.String, identifying=true}','dataSetSize':'{value=5000, type=class java.lang.Long, identifying=true}'}] and the following status: [COMPLETED] in 157ms
2025-10-31T10:57:06.749+01:00  INFO 26220 --- [basesSpringBatch] [SimpleAsyncTaskExecutor-1] o.s.batch.core.job.SimpleStepHandler     : Executing step: [stepCsvToXml]
2025-10-31T10:57:06.764+01:00  INFO 23740 --- [basesSpringBatch] [SimpleAsyncTaskExecutor-1] o.s.batch.core.job.SimpleStepHandler     : Executing step: [simplePrintMessageStep]
2025-10-31T10:57:06.767+01:00  INFO 18552 --- [basesSpringBatch] [SimpleAsyncTaskExecutor-1] o.s.batch.core.step.AbstractStep         : Step: [simplePrintMessageStep] executed in 69ms
2025-10-31T10:57:06.796+01:00  INFO 16272 --- [basesSpringBatch] [SimpleAsyncTaskExecutor-1] o.s.batch.core.job.SimpleStepHandler     : Executing step: [stepCsvToXml]
2025-10-31T10:57:06.799+01:00  INFO 23740 --- [basesSpringBatch] [SimpleAsyncTaskExecutor-1] o.s.batch.core.step.AbstractStep         : Step: [simplePrintMessageStep] executed in 33ms
2025-10-31T10:57:06.801+01:00  INFO 18552 --- [basesSpringBatch] [SimpleAsyncTaskExecutor-1] o.s.b.c.l.s.TaskExecutorJobLauncher      : Job: [SimpleJob: [name=myHelloWorldJob]] completed with the following parameters: [{'enableUpperCase':'{value=true, type=class java.lang.String, identifying=true}','increaseRatePct':'{value=5.0, type=class java.lang.Double, identifying=true}','timeStampOfJobInstance':'{value=1761904626280, type=class java.lang.Long, identifying=true}','productCategoryToIncrease':'{value=aliment, type=class java.lang.String, identifying=true}','inputFilePath':'{value=data/input/csv/newDetailsProducts.csv, type=class java.lang.String, identifying=true}','outputFilePath':'{value=data/output/xml/products.xml, type=class java.lang.String, identifying=true}','dataSetSize':'{value=5000, type=class java.lang.Long, identifying=true}'}] and the following status: [COMPLETED] in 209ms
2025-10-31T10:57:06.820+01:00  INFO 23740 --- [basesSpringBatch] [SimpleAsyncTaskExecutor-1] o.s.b.c.l.s.TaskExecutorJobLauncher      : Job: [SimpleJob: [name=myHelloWorldJob]] completed with the following parameters: [{'enableUpperCase':'{value=true, type=class java.lang.String, identifying=true}','increaseRatePct':'{value=5.0, type=class java.lang.Double, identifying=true}','timeStampOfJobInstance':'{value=1761904626371, type=class java.lang.Long, identifying=true}','productCategoryToIncrease':'{value=aliment, type=class java.lang.String, identifying=true}','inputFilePath':'{value=data/input/csv/newDetailsProducts.csv, type=class java.lang.String, identifying=true}','outputFilePath':'{value=data/output/xml/products.xml, type=class java.lang.String, identifying=true}','dataSetSize':'{value=5000, type=class java.lang.Long, identifying=true}'}] and the following status: [COMPLETED] in 97ms
2025-10-31T10:57:06.827+01:00 ERROR 26220 --- [basesSpringBatch] [SimpleAsyncTaskExecutor-1] o.s.batch.core.step.AbstractStep         : Encountered an error executing step stepCsvToXml in job fromCsvToXmlJob

org.springframework.batch.item.ItemStreamException: Unable to create file: [C:\tp\local-git-didier-tp-repositories\tp-spring-batch\tp\2025\myBatchAdmin\data\output\xml\products.xml]
	at org.springframework.batch.item.util.FileUtils.setUpOutputFile(FileUtils.java:91) ~[spring-batch-infrastructure-5.2.3.jar!/:5.2.3]
	at org.springframework.batch.item.xml.StaxEventItemWriter.open(StaxEventItemWriter.java:455) ~[spring-batch-infrastructure-5.2.3.jar!/:5.2.3]
	at org.springframework.batch.item.xml.StaxEventItemWriter.open(StaxEventItemWriter.java:424) ~[spring-batch-infrastructure-5.2.3.jar!/:5.2.3]
	at java.base/jdk.internal.reflect.DirectMethodHandleAccessor.invoke(DirectMethodHandleAccessor.java:104) ~[na:na]
	at java.base/java.lang.reflect.Method.invoke(Method.java:565) ~[na:na]
	at org.springframework.aop.support.AopUtils.invokeJoinpointUsingReflection(AopUtils.java:360) ~[spring-aop-6.2.11.jar!/:6.2.11]
	at org.springframework.aop.framework.ReflectiveMethodInvocation.invokeJoinpoint(ReflectiveMethodInvocation.java:196) ~[spring-aop-6.2.11.jar!/:6.2.11]
	at org.springframework.aop.framework.ReflectiveMethodInvocation.proceed(ReflectiveMethodInvocation.java:163) ~[spring-aop-6.2.11.jar!/:6.2.11]
	at org.springframework.aop.support.DelegatingIntroductionInterceptor.doProceed(DelegatingIntroductionInterceptor.java:137) ~[spring-aop-6.2.11.jar!/:6.2.11]
	at org.springframework.aop.support.DelegatingIntroductionInterceptor.invoke(DelegatingIntroductionInterceptor.java:124) ~[spring-aop-6.2.11.jar!/:6.2.11]
	at org.springframework.aop.framework.ReflectiveMethodInvocation.proceed(ReflectiveMethodInvocation.java:184) ~[spring-aop-6.2.11.jar!/:6.2.11]
	at org.springframework.aop.framework.JdkDynamicAopProxy.invoke(JdkDynamicAopProxy.java:223) ~[spring-aop-6.2.11.jar!/:6.2.11]
	at jdk.proxy2/jdk.proxy2.$Proxy56.open(Unknown Source) ~[na:na]
	at org.springframework.batch.item.support.CompositeItemStream.open(CompositeItemStream.java:138) ~[spring-batch-infrastructure-5.2.3.jar!/:5.2.3]
	at org.springframework.batch.core.step.tasklet.TaskletStep.open(TaskletStep.java:287) ~[spring-batch-core-5.2.3.jar!/:5.2.3]
	at org.springframework.batch.core.step.AbstractStep.execute(AbstractStep.java:227) ~[spring-batch-core-5.2.3.jar!/:5.2.3]
	at org.springframework.batch.core.job.SimpleStepHandler.handleStep(SimpleStepHandler.java:153) ~[spring-batch-core-5.2.3.jar!/:5.2.3]
	at org.springframework.batch.core.job.AbstractJob.handleStep(AbstractJob.java:408) ~[spring-batch-core-5.2.3.jar!/:5.2.3]
	at org.springframework.batch.core.job.SimpleJob.doExecute(SimpleJob.java:127) ~[spring-batch-core-5.2.3.jar!/:5.2.3]
	at org.springframework.batch.core.job.AbstractJob.execute(AbstractJob.java:307) ~[spring-batch-core-5.2.3.jar!/:5.2.3]
	at org.springframework.batch.core.launch.support.TaskExecutorJobLauncher$1.run(TaskExecutorJobLauncher.java:155) ~[spring-batch-core-5.2.3.jar!/:5.2.3]
	at java.base/java.lang.Thread.run(Thread.java:1474) ~[na:na]
Caused by: java.io.IOException: Could not delete file: data\output\xml\products.xml
	at org.springframework.batch.item.util.FileUtils.setUpOutputFile(FileUtils.java:66) ~[spring-batch-infrastructure-5.2.3.jar!/:5.2.3]
	... 21 common frames omitted
Caused by: java.nio.file.FileSystemException: data\output\xml\products.xml: Le processus ne peut pas accéder au fichier car ce fichier est utilisé par un autre processus
	at java.base/sun.nio.fs.WindowsException.translateToIOException(WindowsException.java:92) ~[na:na]
	at java.base/sun.nio.fs.WindowsException.rethrowAsIOException(WindowsException.java:103) ~[na:na]
	at java.base/sun.nio.fs.WindowsException.rethrowAsIOException(WindowsException.java:108) ~[na:na]
	at java.base/sun.nio.fs.WindowsFileSystemProvider.implDelete(WindowsFileSystemProvider.java:269) ~[na:na]
	at java.base/sun.nio.fs.AbstractFileSystemProvider.delete(AbstractFileSystemProvider.java:105) ~[na:na]
	at java.base/java.nio.file.Files.delete(Files.java:1052) ~[na:na]
	at org.springframework.batch.item.util.FileUtils.setUpOutputFile(FileUtils.java:63) ~[spring-batch-infrastructure-5.2.3.jar!/:5.2.3]
	... 21 common frames omitted

2025-10-31T10:57:06.836+01:00  INFO 26220 --- [basesSpringBatch] [SimpleAsyncTaskExecutor-1] o.s.batch.core.step.AbstractStep         : Step: [stepCsvToXml] executed in 86ms
2025-10-31T10:57:06.854+01:00 ERROR 26220 --- [basesSpringBatch] [SimpleAsyncTaskExecutor-1] o.s.batch.core.step.AbstractStep         : Exception while closing step execution resources in step stepCsvToXml in job fromCsvToXmlJob

org.springframework.batch.item.ItemStreamException: Failed to close 1 delegate(s) due to exceptions
	at org.springframework.batch.item.support.CompositeItemStream.close(CompositeItemStream.java:123) ~[spring-batch-infrastructure-5.2.3.jar!/:5.2.3]
	at org.springframework.batch.core.step.tasklet.TaskletStep.close(TaskletStep.java:282) ~[spring-batch-core-5.2.3.jar!/:5.2.3]
	at org.springframework.batch.core.step.AbstractStep.execute(AbstractStep.java:313) ~[spring-batch-core-5.2.3.jar!/:5.2.3]
	at org.springframework.batch.core.job.SimpleStepHandler.handleStep(SimpleStepHandler.java:153) ~[spring-batch-core-5.2.3.jar!/:5.2.3]
	at org.springframework.batch.core.job.AbstractJob.handleStep(AbstractJob.java:408) ~[spring-batch-core-5.2.3.jar!/:5.2.3]
	at org.springframework.batch.core.job.SimpleJob.doExecute(SimpleJob.java:127) ~[spring-batch-core-5.2.3.jar!/:5.2.3]
	at org.springframework.batch.core.job.AbstractJob.execute(AbstractJob.java:307) ~[spring-batch-core-5.2.3.jar!/:5.2.3]
	at org.springframework.batch.core.launch.support.TaskExecutorJobLauncher$1.run(TaskExecutorJobLauncher.java:155) ~[spring-batch-core-5.2.3.jar!/:5.2.3]
	at java.base/java.lang.Thread.run(Thread.java:1474) ~[na:na]
	Suppressed: java.lang.NullPointerException: Cannot invoke "javax.xml.stream.XMLEventWriter.add(javax.xml.stream.events.XMLEvent)" because "this.delegateEventWriter" is null
		at org.springframework.batch.item.xml.StaxEventItemWriter.close(StaxEventItemWriter.java:684) ~[spring-batch-infrastructure-5.2.3.jar!/:5.2.3]
		at java.base/jdk.internal.reflect.DirectMethodHandleAccessor.invoke(DirectMethodHandleAccessor.java:104) ~[na:na]
		at java.base/java.lang.reflect.Method.invoke(Method.java:565) ~[na:na]
		at org.springframework.aop.support.AopUtils.invokeJoinpointUsingReflection(AopUtils.java:360) ~[spring-aop-6.2.11.jar!/:6.2.11]
		at org.springframework.aop.framework.ReflectiveMethodInvocation.invokeJoinpoint(ReflectiveMethodInvocation.java:196) ~[spring-aop-6.2.11.jar!/:6.2.11]
		at org.springframework.aop.framework.ReflectiveMethodInvocation.proceed(ReflectiveMethodInvocation.java:163) ~[spring-aop-6.2.11.jar!/:6.2.11]
		at org.springframework.aop.support.DelegatingIntroductionInterceptor.doProceed(DelegatingIntroductionInterceptor.java:137) ~[spring-aop-6.2.11.jar!/:6.2.11]
		at org.springframework.aop.support.DelegatingIntroductionInterceptor.invoke(DelegatingIntroductionInterceptor.java:124) ~[spring-aop-6.2.11.jar!/:6.2.11]
		at org.springframework.aop.framework.ReflectiveMethodInvocation.proceed(ReflectiveMethodInvocation.java:184) ~[spring-aop-6.2.11.jar!/:6.2.11]
		at org.springframework.aop.framework.JdkDynamicAopProxy.invoke(JdkDynamicAopProxy.java:223) ~[spring-aop-6.2.11.jar!/:6.2.11]
		at jdk.proxy2/jdk.proxy2.$Proxy56.close(Unknown Source) ~[na:na]
		at org.springframework.batch.item.support.CompositeItemStream.close(CompositeItemStream.java:114) ~[spring-batch-infrastructure-5.2.3.jar!/:5.2.3]
		... 8 common frames omitted

2025-10-31T10:57:06.866+01:00  INFO 26220 --- [basesSpringBatch] [SimpleAsyncTaskExecutor-1] o.s.b.c.l.s.TaskExecutorJobLauncher      : Job: [SimpleJob: [name=fromCsvToXmlJob]] completed with the following parameters: [{'enableUpperCase':'{value=false, type=class java.lang.String, identifying=true}','increaseRatePct':'{value=5.0, type=class java.lang.Double, identifying=true}','timeStampOfJobInstance':'{value=1761904626280, type=class java.lang.Long, identifying=true}','productCategoryToIncrease':'{value=aliment, type=class java.lang.String, identifying=true}','inputFilePath':'{value=data/input/csv/products.csv, type=class java.lang.String, identifying=true}','outputFilePath':'{value=data/output/xml/products.xml, type=class java.lang.String, identifying=true}','dataSetSize':'{value=5000, type=class java.lang.Long, identifying=true}'}] and the following status: [FAILED] in 154ms
2025-10-31T10:57:06.861+01:00 ERROR 16272 --- [basesSpringBatch] [SimpleAsyncTaskExecutor-1] o.s.batch.core.step.AbstractStep         : Encountered an error executing step stepCsvToXml in job fromCsvToXmlJob

org.springframework.batch.item.ItemStreamException: Unable to create file: [C:\tp\local-git-didier-tp-repositories\tp-spring-batch\tp\2025\myBatchAdmin\data\output\xml\products.xml]
	at org.springframework.batch.item.util.FileUtils.setUpOutputFile(FileUtils.java:91) ~[spring-batch-infrastructure-5.2.3.jar!/:5.2.3]
	at org.springframework.batch.item.xml.StaxEventItemWriter.open(StaxEventItemWriter.java:455) ~[spring-batch-infrastructure-5.2.3.jar!/:5.2.3]
	at org.springframework.batch.item.xml.StaxEventItemWriter.open(StaxEventItemWriter.java:424) ~[spring-batch-infrastructure-5.2.3.jar!/:5.2.3]
	at java.base/jdk.internal.reflect.DirectMethodHandleAccessor.invoke(DirectMethodHandleAccessor.java:104) ~[na:na]
	at java.base/java.lang.reflect.Method.invoke(Method.java:565) ~[na:na]
	at org.springframework.aop.support.AopUtils.invokeJoinpointUsingReflection(AopUtils.java:360) ~[spring-aop-6.2.11.jar!/:6.2.11]
	at org.springframework.aop.framework.ReflectiveMethodInvocation.invokeJoinpoint(ReflectiveMethodInvocation.java:196) ~[spring-aop-6.2.11.jar!/:6.2.11]
	at org.springframework.aop.framework.ReflectiveMethodInvocation.proceed(ReflectiveMethodInvocation.java:163) ~[spring-aop-6.2.11.jar!/:6.2.11]
	at org.springframework.aop.support.DelegatingIntroductionInterceptor.doProceed(DelegatingIntroductionInterceptor.java:137) ~[spring-aop-6.2.11.jar!/:6.2.11]
	at org.springframework.aop.support.DelegatingIntroductionInterceptor.invoke(DelegatingIntroductionInterceptor.java:124) ~[spring-aop-6.2.11.jar!/:6.2.11]
	at org.springframework.aop.framework.ReflectiveMethodInvocation.proceed(ReflectiveMethodInvocation.java:184) ~[spring-aop-6.2.11.jar!/:6.2.11]
	at org.springframework.aop.framework.JdkDynamicAopProxy.invoke(JdkDynamicAopProxy.java:223) ~[spring-aop-6.2.11.jar!/:6.2.11]
	at jdk.proxy2/jdk.proxy2.$Proxy56.open(Unknown Source) ~[na:na]
	at org.springframework.batch.item.support.CompositeItemStream.open(CompositeItemStream.java:138) ~[spring-batch-infrastructure-5.2.3.jar!/:5.2.3]
	at org.springframework.batch.core.step.tasklet.TaskletStep.open(TaskletStep.java:287) ~[spring-batch-core-5.2.3.jar!/:5.2.3]
	at org.springframework.batch.core.step.AbstractStep.execute(AbstractStep.java:227) ~[spring-batch-core-5.2.3.jar!/:5.2.3]
	at org.springframework.batch.core.job.SimpleStepHandler.handleStep(SimpleStepHandler.java:153) ~[spring-batch-core-5.2.3.jar!/:5.2.3]
	at org.springframework.batch.core.job.AbstractJob.handleStep(AbstractJob.java:408) ~[spring-batch-core-5.2.3.jar!/:5.2.3]
	at org.springframework.batch.core.job.SimpleJob.doExecute(SimpleJob.java:127) ~[spring-batch-core-5.2.3.jar!/:5.2.3]
	at org.springframework.batch.core.job.AbstractJob.execute(AbstractJob.java:307) ~[spring-batch-core-5.2.3.jar!/:5.2.3]
	at org.springframework.batch.core.launch.support.TaskExecutorJobLauncher$1.run(TaskExecutorJobLauncher.java:155) ~[spring-batch-core-5.2.3.jar!/:5.2.3]
	at java.base/java.lang.Thread.run(Thread.java:1474) ~[na:na]
Caused by: java.io.IOException: Could not delete file: data\output\xml\products.xml
	at org.springframework.batch.item.util.FileUtils.setUpOutputFile(FileUtils.java:66) ~[spring-batch-infrastructure-5.2.3.jar!/:5.2.3]
	... 21 common frames omitted
Caused by: java.nio.file.FileSystemException: data\output\xml\products.xml: Le processus ne peut pas accéder au fichier car ce fichier est utilisé par un autre processus
	at java.base/sun.nio.fs.WindowsException.translateToIOException(WindowsException.java:92) ~[na:na]
	at java.base/sun.nio.fs.WindowsException.rethrowAsIOException(WindowsException.java:103) ~[na:na]
	at java.base/sun.nio.fs.WindowsException.rethrowAsIOException(WindowsException.java:108) ~[na:na]
	at java.base/sun.nio.fs.WindowsFileSystemProvider.implDelete(WindowsFileSystemProvider.java:269) ~[na:na]
	at java.base/sun.nio.fs.AbstractFileSystemProvider.delete(AbstractFileSystemProvider.java:105) ~[na:na]
	at java.base/java.nio.file.Files.delete(Files.java:1052) ~[na:na]
	at org.springframework.batch.item.util.FileUtils.setUpOutputFile(FileUtils.java:63) ~[spring-batch-infrastructure-5.2.3.jar!/:5.2.3]
	... 21 common frames omitted

2025-10-31T10:57:06.868+01:00  INFO 16272 --- [basesSpringBatch] [SimpleAsyncTaskExecutor-1] o.s.batch.core.step.AbstractStep         : Step: [stepCsvToXml] executed in 70ms
2025-10-31T10:57:06.884+01:00 ERROR 16272 --- [basesSpringBatch] [SimpleAsyncTaskExecutor-1] o.s.batch.core.step.AbstractStep         : Exception while closing step execution resources in step stepCsvToXml in job fromCsvToXmlJob

org.springframework.batch.item.ItemStreamException: Failed to close 1 delegate(s) due to exceptions
	at org.springframework.batch.item.support.CompositeItemStream.close(CompositeItemStream.java:123) ~[spring-batch-infrastructure-5.2.3.jar!/:5.2.3]
	at org.springframework.batch.core.step.tasklet.TaskletStep.close(TaskletStep.java:282) ~[spring-batch-core-5.2.3.jar!/:5.2.3]
	at org.springframework.batch.core.step.AbstractStep.execute(AbstractStep.java:313) ~[spring-batch-core-5.2.3.jar!/:5.2.3]
	at org.springframework.batch.core.job.SimpleStepHandler.handleStep(SimpleStepHandler.java:153) ~[spring-batch-core-5.2.3.jar!/:5.2.3]
	at org.springframework.batch.core.job.AbstractJob.handleStep(AbstractJob.java:408) ~[spring-batch-core-5.2.3.jar!/:5.2.3]
	at org.springframework.batch.core.job.SimpleJob.doExecute(SimpleJob.java:127) ~[spring-batch-core-5.2.3.jar!/:5.2.3]
	at org.springframework.batch.core.job.AbstractJob.execute(AbstractJob.java:307) ~[spring-batch-core-5.2.3.jar!/:5.2.3]
	at org.springframework.batch.core.launch.support.TaskExecutorJobLauncher$1.run(TaskExecutorJobLauncher.java:155) ~[spring-batch-core-5.2.3.jar!/:5.2.3]
	at java.base/java.lang.Thread.run(Thread.java:1474) ~[na:na]
	Suppressed: java.lang.NullPointerException: Cannot invoke "javax.xml.stream.XMLEventWriter.add(javax.xml.stream.events.XMLEvent)" because "this.delegateEventWriter" is null
		at org.springframework.batch.item.xml.StaxEventItemWriter.close(StaxEventItemWriter.java:684) ~[spring-batch-infrastructure-5.2.3.jar!/:5.2.3]
		at java.base/jdk.internal.reflect.DirectMethodHandleAccessor.invoke(DirectMethodHandleAccessor.java:104) ~[na:na]
		at java.base/java.lang.reflect.Method.invoke(Method.java:565) ~[na:na]
		at org.springframework.aop.support.AopUtils.invokeJoinpointUsingReflection(AopUtils.java:360) ~[spring-aop-6.2.11.jar!/:6.2.11]
		at org.springframework.aop.framework.ReflectiveMethodInvocation.invokeJoinpoint(ReflectiveMethodInvocation.java:196) ~[spring-aop-6.2.11.jar!/:6.2.11]
		at org.springframework.aop.framework.ReflectiveMethodInvocation.proceed(ReflectiveMethodInvocation.java:163) ~[spring-aop-6.2.11.jar!/:6.2.11]
		at org.springframework.aop.support.DelegatingIntroductionInterceptor.doProceed(DelegatingIntroductionInterceptor.java:137) ~[spring-aop-6.2.11.jar!/:6.2.11]
		at org.springframework.aop.support.DelegatingIntroductionInterceptor.invoke(DelegatingIntroductionInterceptor.java:124) ~[spring-aop-6.2.11.jar!/:6.2.11]
		at org.springframework.aop.framework.ReflectiveMethodInvocation.proceed(ReflectiveMethodInvocation.java:184) ~[spring-aop-6.2.11.jar!/:6.2.11]
		at org.springframework.aop.framework.JdkDynamicAopProxy.invoke(JdkDynamicAopProxy.java:223) ~[spring-aop-6.2.11.jar!/:6.2.11]
		at jdk.proxy2/jdk.proxy2.$Proxy56.close(Unknown Source) ~[na:na]
		at org.springframework.batch.item.support.CompositeItemStream.close(CompositeItemStream.java:114) ~[spring-batch-infrastructure-5.2.3.jar!/:5.2.3]
		... 8 common frames omitted

2025-10-31T10:57:06.896+01:00  INFO 16272 --- [basesSpringBatch] [SimpleAsyncTaskExecutor-1] o.s.b.c.l.s.TaskExecutorJobLauncher      : Job: [SimpleJob: [name=fromCsvToXmlJob]] completed with the following parameters: [{'enableUpperCase':'{value=false, type=class java.lang.String, identifying=true}','increaseRatePct':'{value=5.0, type=class java.lang.Double, identifying=true}','timeStampOfJobInstance':'{value=1761904626512, type=class java.lang.Long, identifying=true}','productCategoryToIncrease':'{value=aliment, type=class java.lang.String, identifying=true}','inputFilePath':'{value=data/input/csv/products.csv, type=class java.lang.String, identifying=true}','outputFilePath':'{value=data/output/xml/products.xml, type=class java.lang.String, identifying=true}','dataSetSize':'{value=5000, type=class java.lang.Long, identifying=true}'}] and the following status: [FAILED] in 132ms
2025-10-31T10:57:07.052+01:00  INFO 10336 --- [basesSpringBatch] [SimpleAsyncTaskExecutor-1] o.s.batch.core.step.AbstractStep         : Step: [stepCsvToXml] executed in 319ms
2025-10-31T10:57:07.070+01:00  INFO 10336 --- [basesSpringBatch] [SimpleAsyncTaskExecutor-1] o.s.b.c.l.s.TaskExecutorJobLauncher      : Job: [SimpleJob: [name=fromCsvToXmlJob]] completed with the following parameters: [{'enableUpperCase':'{value=false, type=class java.lang.String, identifying=true}','increaseRatePct':'{value=5.0, type=class java.lang.Double, identifying=true}','timeStampOfJobInstance':'{value=1761904626364, type=class java.lang.Long, identifying=true}','productCategoryToIncrease':'{value=aliment, type=class java.lang.String, identifying=true}','inputFilePath':'{value=data/input/csv/products.csv, type=class java.lang.String, identifying=true}','outputFilePath':'{value=data/output/xml/products.xml, type=class java.lang.String, identifying=true}','dataSetSize':'{value=5000, type=class java.lang.Long, identifying=true}'}] and the following status: [COMPLETED] in 419ms
2025-10-31T10:57:11.675+01:00  INFO 7912 --- [basesSpringBatch] [SpringApplicationShutdownHook] com.zaxxer.hikari.HikariDataSource       : HikariPool-1 - Shutdown initiated...
2025-10-31T10:57:11.679+01:00  INFO 7912 --- [basesSpringBatch] [SpringApplicationShutdownHook] com.zaxxer.hikari.HikariDataSource       : HikariPool-1 - Shutdown completed.
2025-10-31T10:57:11.719+01:00  INFO 18552 --- [basesSpringBatch] [SpringApplicationShutdownHook] com.zaxxer.hikari.HikariDataSource       : HikariPool-1 - Shutdown initiated...
2025-10-31T10:57:11.724+01:00  INFO 18552 --- [basesSpringBatch] [SpringApplicationShutdownHook] com.zaxxer.hikari.HikariDataSource       : HikariPool-1 - Shutdown completed.
2025-10-31T10:57:11.748+01:00  INFO 10336 --- [basesSpringBatch] [SpringApplicationShutdownHook] com.zaxxer.hikari.HikariDataSource       : HikariPool-1 - Shutdown initiated...
2025-10-31T10:57:11.753+01:00  INFO 10336 --- [basesSpringBatch] [SpringApplicationShutdownHook] com.zaxxer.hikari.HikariDataSource       : HikariPool-1 - Shutdown completed.
2025-10-31T10:57:11.765+01:00  INFO 26220 --- [basesSpringBatch] [SpringApplicationShutdownHook] com.zaxxer.hikari.HikariDataSource       : HikariPool-1 - Shutdown initiated...
2025-10-31T10:57:11.770+01:00  INFO 26220 --- [basesSpringBatch] [SpringApplicationShutdownHook] com.zaxxer.hikari.HikariDataSource       : HikariPool-1 - Shutdown completed.
2025-10-31T10:57:11.799+01:00  INFO 23740 --- [basesSpringBatch] [SpringApplicationShutdownHook] com.zaxxer.hikari.HikariDataSource       : HikariPool-1 - Shutdown initiated...
2025-10-31T10:57:11.803+01:00  INFO 23740 --- [basesSpringBatch] [SpringApplicationShutdownHook] com.zaxxer.hikari.HikariDataSource       : HikariPool-1 - Shutdown completed.
2025-10-31T10:57:11.825+01:00  INFO 16272 --- [basesSpringBatch] [SpringApplicationShutdownHook] com.zaxxer.hikari.HikariDataSource       : HikariPool-1 - Shutdown initiated...
2025-10-31T10:57:11.830+01:00  INFO 16272 --- [basesSpringBatch] [SpringApplicationShutdownHook] com.zaxxer.hikari.HikariDataSource       : HikariPool-1 - Shutdown completed.
2025-10-31T11:08:01.154+01:00  INFO 2152 --- [basesSpringBatch] [main] t.b.BasesSpringBatchApplication          : Starting BasesSpringBatchApplication v0.0.1-SNAPSHOT using Java 25 with PID 2152 (C:\tp\local-git-didier-tp-repositories\tp-spring-batch\tp\2025\basesSpringBatch\target\basesSpringBatch.jar started by d2fde in C:\tp\local-git-didier-tp-repositories\tp-spring-batch\tp\2025\myBatchAdmin)
2025-10-31T11:08:01.156+01:00 DEBUG 2152 --- [basesSpringBatch] [main] t.b.BasesSpringBatchApplication          : Running with Spring Boot v3.5.6, Spring v6.2.11
2025-10-31T11:08:01.157+01:00  INFO 2152 --- [basesSpringBatch] [main] t.b.BasesSpringBatchApplication          : No active profile set, falling back to 1 default profile: "mariadb"
2025-10-31T11:08:01.170+01:00  INFO 18020 --- [basesSpringBatch] [main] t.b.BasesSpringBatchApplication          : Starting BasesSpringBatchApplication v0.0.1-SNAPSHOT using Java 25 with PID 18020 (C:\tp\local-git-didier-tp-repositories\tp-spring-batch\tp\2025\basesSpringBatch\target\basesSpringBatch.jar started by d2fde in C:\tp\local-git-didier-tp-repositories\tp-spring-batch\tp\2025\myBatchAdmin)
2025-10-31T11:08:01.171+01:00 DEBUG 18020 --- [basesSpringBatch] [main] t.b.BasesSpringBatchApplication          : Running with Spring Boot v3.5.6, Spring v6.2.11
2025-10-31T11:08:01.172+01:00  INFO 18020 --- [basesSpringBatch] [main] t.b.BasesSpringBatchApplication          : No active profile set, falling back to 1 default profile: "mariadb"
2025-10-31T11:08:02.240+01:00  INFO 2152 --- [basesSpringBatch] [main] com.zaxxer.hikari.HikariDataSource       : HikariPool-1 - Starting...
2025-10-31T11:08:02.258+01:00  INFO 18020 --- [basesSpringBatch] [main] com.zaxxer.hikari.HikariDataSource       : HikariPool-1 - Starting...
2025-10-31T11:08:02.469+01:00  INFO 2152 --- [basesSpringBatch] [main] com.zaxxer.hikari.pool.HikariPool        : HikariPool-1 - Added connection org.mariadb.jdbc.Connection@18ac53e8
2025-10-31T11:08:02.471+01:00  INFO 2152 --- [basesSpringBatch] [main] com.zaxxer.hikari.HikariDataSource       : HikariPool-1 - Start completed.
2025-10-31T11:08:02.478+01:00  INFO 18020 --- [basesSpringBatch] [main] com.zaxxer.hikari.pool.HikariPool        : HikariPool-1 - Added connection org.mariadb.jdbc.Connection@409986fe
2025-10-31T11:08:02.481+01:00  INFO 18020 --- [basesSpringBatch] [main] com.zaxxer.hikari.HikariDataSource       : HikariPool-1 - Start completed.
2025-10-31T11:08:02.496+01:00  WARN 2152 --- [basesSpringBatch] [main] o.m.jdbc.message.server.ErrorPacket      : Error: 1050-42S01: Table 'batch_job_instance' already exists
2025-10-31T11:08:02.497+01:00  WARN 2152 --- [basesSpringBatch] [main] o.m.jdbc.message.server.ErrorPacket      : Error: 1050-42S01: Table 'batch_job_execution' already exists
2025-10-31T11:08:02.498+01:00  WARN 2152 --- [basesSpringBatch] [main] o.m.jdbc.message.server.ErrorPacket      : Error: 1050-42S01: Table 'batch_job_execution_params' already exists
2025-10-31T11:08:02.499+01:00  WARN 2152 --- [basesSpringBatch] [main] o.m.jdbc.message.server.ErrorPacket      : Error: 1050-42S01: Table 'batch_step_execution' already exists
2025-10-31T11:08:02.499+01:00  WARN 2152 --- [basesSpringBatch] [main] o.m.jdbc.message.server.ErrorPacket      : Error: 1050-42S01: Table 'batch_step_execution_context' already exists
2025-10-31T11:08:02.499+01:00  WARN 2152 --- [basesSpringBatch] [main] o.m.jdbc.message.server.ErrorPacket      : Error: 1050-42S01: Table 'batch_job_execution_context' already exists
2025-10-31T11:08:02.500+01:00  WARN 2152 --- [basesSpringBatch] [main] o.m.jdbc.message.server.ErrorPacket      : Error: 1050-42S01: Table 'batch_step_execution_seq' already exists
2025-10-31T11:08:02.500+01:00  WARN 2152 --- [basesSpringBatch] [main] o.m.jdbc.message.server.ErrorPacket      : Error: 1050-42S01: Table 'batch_job_execution_seq' already exists
2025-10-31T11:08:02.501+01:00  WARN 2152 --- [basesSpringBatch] [main] o.m.jdbc.message.server.ErrorPacket      : Error: 1050-42S01: Table 'batch_job_seq' already exists
2025-10-31T11:08:02.502+01:00  WARN 18020 --- [basesSpringBatch] [main] o.m.jdbc.message.server.ErrorPacket      : Error: 1050-42S01: Table 'batch_job_instance' already exists
2025-10-31T11:08:02.503+01:00  WARN 18020 --- [basesSpringBatch] [main] o.m.jdbc.message.server.ErrorPacket      : Error: 1050-42S01: Table 'batch_job_execution' already exists
2025-10-31T11:08:02.504+01:00  WARN 18020 --- [basesSpringBatch] [main] o.m.jdbc.message.server.ErrorPacket      : Error: 1050-42S01: Table 'batch_job_execution_params' already exists
2025-10-31T11:08:02.504+01:00  WARN 18020 --- [basesSpringBatch] [main] o.m.jdbc.message.server.ErrorPacket      : Error: 1050-42S01: Table 'batch_step_execution' already exists
2025-10-31T11:08:02.504+01:00  WARN 18020 --- [basesSpringBatch] [main] o.m.jdbc.message.server.ErrorPacket      : Error: 1050-42S01: Table 'batch_step_execution_context' already exists
2025-10-31T11:08:02.505+01:00  WARN 18020 --- [basesSpringBatch] [main] o.m.jdbc.message.server.ErrorPacket      : Error: 1050-42S01: Table 'batch_job_execution_context' already exists
2025-10-31T11:08:02.505+01:00  WARN 18020 --- [basesSpringBatch] [main] o.m.jdbc.message.server.ErrorPacket      : Error: 1050-42S01: Table 'batch_step_execution_seq' already exists
2025-10-31T11:08:02.505+01:00  WARN 18020 --- [basesSpringBatch] [main] o.m.jdbc.message.server.ErrorPacket      : Error: 1050-42S01: Table 'batch_job_execution_seq' already exists
2025-10-31T11:08:02.506+01:00  WARN 18020 --- [basesSpringBatch] [main] o.m.jdbc.message.server.ErrorPacket      : Error: 1050-42S01: Table 'batch_job_seq' already exists
2025-10-31T11:08:02.751+01:00  WARN 2152 --- [basesSpringBatch] [main] o.s.b.c.l.AbstractListenerFactoryBean    : org.springframework.batch.item.ItemReader is an interface. The implementing class will not be queried for annotation based listener configurations. If using @StepScope on a @Bean method, be sure to return the implementing class so listener annotations can be used.
2025-10-31T11:08:02.758+01:00  WARN 18020 --- [basesSpringBatch] [main] o.s.b.c.l.AbstractListenerFactoryBean    : org.springframework.batch.item.ItemReader is an interface. The implementing class will not be queried for annotation based listener configurations. If using @StepScope on a @Bean method, be sure to return the implementing class so listener annotations can be used.
2025-10-31T11:08:02.879+01:00  WARN 18020 --- [basesSpringBatch] [main] o.s.b.c.l.AbstractListenerFactoryBean    : org.springframework.batch.item.ItemReader is an interface. The implementing class will not be queried for annotation based listener configurations. If using @StepScope on a @Bean method, be sure to return the implementing class so listener annotations can be used.
2025-10-31T11:08:02.914+01:00  WARN 2152 --- [basesSpringBatch] [main] o.s.b.c.l.AbstractListenerFactoryBean    : org.springframework.batch.item.ItemReader is an interface. The implementing class will not be queried for annotation based listener configurations. If using @StepScope on a @Bean method, be sure to return the implementing class so listener annotations can be used.
2025-10-31T11:09:01.270+01:00  INFO 12032 --- [basesSpringBatch] [main] t.b.BasesSpringBatchApplication          : Starting BasesSpringBatchApplication v0.0.1-SNAPSHOT using Java 25 with PID 12032 (C:\tp\local-git-didier-tp-repositories\tp-spring-batch\tp\2025\basesSpringBatch\target\basesSpringBatch.jar started by d2fde in C:\tp\local-git-didier-tp-repositories\tp-spring-batch\tp\2025\myBatchAdmin)
2025-10-31T11:09:01.272+01:00 DEBUG 12032 --- [basesSpringBatch] [main] t.b.BasesSpringBatchApplication          : Running with Spring Boot v3.5.6, Spring v6.2.11
2025-10-31T11:09:01.273+01:00  INFO 12032 --- [basesSpringBatch] [main] t.b.BasesSpringBatchApplication          : No active profile set, falling back to 1 default profile: "mariadb"
2025-10-31T11:09:01.273+01:00  INFO 1968 --- [basesSpringBatch] [main] t.b.BasesSpringBatchApplication          : Starting BasesSpringBatchApplication v0.0.1-SNAPSHOT using Java 25 with PID 1968 (C:\tp\local-git-didier-tp-repositories\tp-spring-batch\tp\2025\basesSpringBatch\target\basesSpringBatch.jar started by d2fde in C:\tp\local-git-didier-tp-repositories\tp-spring-batch\tp\2025\myBatchAdmin)
2025-10-31T11:09:01.275+01:00 DEBUG 1968 --- [basesSpringBatch] [main] t.b.BasesSpringBatchApplication          : Running with Spring Boot v3.5.6, Spring v6.2.11
2025-10-31T11:09:01.276+01:00  INFO 1968 --- [basesSpringBatch] [main] t.b.BasesSpringBatchApplication          : No active profile set, falling back to 1 default profile: "mariadb"
2025-10-31T11:09:02.398+01:00  INFO 12032 --- [basesSpringBatch] [main] com.zaxxer.hikari.HikariDataSource       : HikariPool-1 - Starting...
2025-10-31T11:09:02.530+01:00  INFO 1968 --- [basesSpringBatch] [main] com.zaxxer.hikari.HikariDataSource       : HikariPool-1 - Starting...
2025-10-31T11:09:02.725+01:00  INFO 12032 --- [basesSpringBatch] [main] com.zaxxer.hikari.pool.HikariPool        : HikariPool-1 - Added connection org.mariadb.jdbc.Connection@31f20c9f
2025-10-31T11:09:02.727+01:00  INFO 12032 --- [basesSpringBatch] [main] com.zaxxer.hikari.HikariDataSource       : HikariPool-1 - Start completed.
2025-10-31T11:09:02.756+01:00  WARN 12032 --- [basesSpringBatch] [main] o.m.jdbc.message.server.ErrorPacket      : Error: 1050-42S01: Table 'batch_job_instance' already exists
2025-10-31T11:09:02.758+01:00  WARN 12032 --- [basesSpringBatch] [main] o.m.jdbc.message.server.ErrorPacket      : Error: 1050-42S01: Table 'batch_job_execution' already exists
2025-10-31T11:09:02.759+01:00  WARN 12032 --- [basesSpringBatch] [main] o.m.jdbc.message.server.ErrorPacket      : Error: 1050-42S01: Table 'batch_job_execution_params' already exists
2025-10-31T11:09:02.760+01:00  WARN 12032 --- [basesSpringBatch] [main] o.m.jdbc.message.server.ErrorPacket      : Error: 1050-42S01: Table 'batch_step_execution' already exists
2025-10-31T11:09:02.761+01:00  WARN 12032 --- [basesSpringBatch] [main] o.m.jdbc.message.server.ErrorPacket      : Error: 1050-42S01: Table 'batch_step_execution_context' already exists
2025-10-31T11:09:02.762+01:00  WARN 12032 --- [basesSpringBatch] [main] o.m.jdbc.message.server.ErrorPacket      : Error: 1050-42S01: Table 'batch_job_execution_context' already exists
2025-10-31T11:09:02.762+01:00  WARN 12032 --- [basesSpringBatch] [main] o.m.jdbc.message.server.ErrorPacket      : Error: 1050-42S01: Table 'batch_step_execution_seq' already exists
2025-10-31T11:09:02.763+01:00  WARN 12032 --- [basesSpringBatch] [main] o.m.jdbc.message.server.ErrorPacket      : Error: 1050-42S01: Table 'batch_job_execution_seq' already exists
2025-10-31T11:09:02.764+01:00  WARN 12032 --- [basesSpringBatch] [main] o.m.jdbc.message.server.ErrorPacket      : Error: 1050-42S01: Table 'batch_job_seq' already exists
2025-10-31T11:09:02.841+01:00  INFO 1968 --- [basesSpringBatch] [main] com.zaxxer.hikari.pool.HikariPool        : HikariPool-1 - Added connection org.mariadb.jdbc.Connection@49a26d19
2025-10-31T11:09:02.844+01:00  INFO 1968 --- [basesSpringBatch] [main] com.zaxxer.hikari.HikariDataSource       : HikariPool-1 - Start completed.
2025-10-31T11:09:02.867+01:00  WARN 1968 --- [basesSpringBatch] [main] o.m.jdbc.message.server.ErrorPacket      : Error: 1050-42S01: Table 'batch_job_instance' already exists
2025-10-31T11:09:02.873+01:00  WARN 1968 --- [basesSpringBatch] [main] o.m.jdbc.message.server.ErrorPacket      : Error: 1050-42S01: Table 'batch_job_execution' already exists
2025-10-31T11:09:02.874+01:00  WARN 1968 --- [basesSpringBatch] [main] o.m.jdbc.message.server.ErrorPacket      : Error: 1050-42S01: Table 'batch_job_execution_params' already exists
2025-10-31T11:09:02.881+01:00  WARN 1968 --- [basesSpringBatch] [main] o.m.jdbc.message.server.ErrorPacket      : Error: 1050-42S01: Table 'batch_step_execution' already exists
2025-10-31T11:09:02.883+01:00  WARN 1968 --- [basesSpringBatch] [main] o.m.jdbc.message.server.ErrorPacket      : Error: 1050-42S01: Table 'batch_step_execution_context' already exists
2025-10-31T11:09:02.884+01:00  WARN 1968 --- [basesSpringBatch] [main] o.m.jdbc.message.server.ErrorPacket      : Error: 1050-42S01: Table 'batch_job_execution_context' already exists
2025-10-31T11:09:02.886+01:00  WARN 1968 --- [basesSpringBatch] [main] o.m.jdbc.message.server.ErrorPacket      : Error: 1050-42S01: Table 'batch_step_execution_seq' already exists
2025-10-31T11:09:02.886+01:00  WARN 1968 --- [basesSpringBatch] [main] o.m.jdbc.message.server.ErrorPacket      : Error: 1050-42S01: Table 'batch_job_execution_seq' already exists
2025-10-31T11:09:02.887+01:00  WARN 1968 --- [basesSpringBatch] [main] o.m.jdbc.message.server.ErrorPacket      : Error: 1050-42S01: Table 'batch_job_seq' already exists
2025-10-31T11:09:03.100+01:00  WARN 12032 --- [basesSpringBatch] [main] o.s.b.c.l.AbstractListenerFactoryBean    : org.springframework.batch.item.ItemReader is an interface. The implementing class will not be queried for annotation based listener configurations. If using @StepScope on a @Bean method, be sure to return the implementing class so listener annotations can be used.
2025-10-31T11:09:03.259+01:00  WARN 12032 --- [basesSpringBatch] [main] o.s.b.c.l.AbstractListenerFactoryBean    : org.springframework.batch.item.ItemReader is an interface. The implementing class will not be queried for annotation based listener configurations. If using @StepScope on a @Bean method, be sure to return the implementing class so listener annotations can be used.
2025-10-31T11:09:03.330+01:00  WARN 1968 --- [basesSpringBatch] [main] o.s.b.c.l.AbstractListenerFactoryBean    : org.springframework.batch.item.ItemReader is an interface. The implementing class will not be queried for annotation based listener configurations. If using @StepScope on a @Bean method, be sure to return the implementing class so listener annotations can be used.
2025-10-31T11:09:03.571+01:00  WARN 1968 --- [basesSpringBatch] [main] o.s.b.c.l.AbstractListenerFactoryBean    : org.springframework.batch.item.ItemReader is an interface. The implementing class will not be queried for annotation based listener configurations. If using @StepScope on a @Bean method, be sure to return the implementing class so listener annotations can be used.
2025-10-31T11:09:03.648+01:00  WARN 12032 --- [basesSpringBatch] [main] o.s.b.c.l.AbstractListenerFactoryBean    : org.springframework.batch.item.ItemStreamWriter is an interface. The implementing class will not be queried for annotation based listener configurations. If using @StepScope on a @Bean method, be sure to return the implementing class so listener annotations can be used.
2025-10-31T11:09:03.852+01:00  WARN 1968 --- [basesSpringBatch] [main] o.s.b.c.l.AbstractListenerFactoryBean    : org.springframework.batch.item.ItemStreamWriter is an interface. The implementing class will not be queried for annotation based listener configurations. If using @StepScope on a @Bean method, be sure to return the implementing class so listener annotations can be used.
2025-10-31T11:08:03.209+01:00  WARN 2152 --- [basesSpringBatch] [main] o.s.b.c.l.AbstractListenerFactoryBean    : org.springframework.batch.item.ItemStreamWriter is an interface. The implementing class will not be queried for annotation based listener configurations. If using @StepScope on a @Bean method, be sure to return the implementing class so listener annotations can be used.
2025-10-31T11:08:03.161+01:00  WARN 18020 --- [basesSpringBatch] [main] o.s.b.c.l.AbstractListenerFactoryBean    : org.springframework.batch.item.ItemStreamWriter is an interface. The implementing class will not be queried for annotation based listener configurations. If using @StepScope on a @Bean method, be sure to return the implementing class so listener annotations can be used.
2025-10-31T11:09:06.055+01:00  INFO 1968 --- [basesSpringBatch] [main] t.b.BasesSpringBatchApplication          : Started BasesSpringBatchApplication in 5.362 seconds (process running for 5.999)
2025-10-31T11:09:06.061+01:00 DEBUG 1968 --- [basesSpringBatch] [main] t.b.BasesSpringBatchApplication          : BasesSpringBatchApplication launched with args =[myHelloWorldJob]
2025-10-31T11:09:06.062+01:00 DEBUG 1968 --- [basesSpringBatch] [main] t.b.BasesSpringBatchApplication          : BasesSpringBatchApplication jobName from args[0] =myHelloWorldJob
2025-10-31T11:09:06.063+01:00  INFO 1968 --- [basesSpringBatch] [main] t.b.BasesSpringBatchApplication          : ****>>> jobName=myHelloWorldJob inputFilePath=data/input/csv/newDetailsProducts.csv outputFilePath=data/output/xml/products.xml
2025-10-31T11:09:06.167+01:00  INFO 18020 --- [basesSpringBatch] [main] t.b.BasesSpringBatchApplication          : Started BasesSpringBatchApplication in 65.559 seconds (process running for 66.1)
2025-10-31T11:09:06.172+01:00 DEBUG 18020 --- [basesSpringBatch] [main] t.b.BasesSpringBatchApplication          : BasesSpringBatchApplication launched with args =[fromCsvToXmlJob]
2025-10-31T11:09:06.172+01:00 DEBUG 18020 --- [basesSpringBatch] [main] t.b.BasesSpringBatchApplication          : BasesSpringBatchApplication jobName from args[0] =fromCsvToXmlJob
2025-10-31T11:09:06.175+01:00  INFO 18020 --- [basesSpringBatch] [main] t.b.BasesSpringBatchApplication          : ****>>> jobName=fromCsvToXmlJob inputFilePath=data/input/csv/products.csv outputFilePath=data/output/xml/products.xml
2025-10-31T11:09:06.335+01:00  INFO 12032 --- [basesSpringBatch] [main] t.b.BasesSpringBatchApplication          : Started BasesSpringBatchApplication in 5.654 seconds (process running for 6.284)
2025-10-31T11:09:06.340+01:00 DEBUG 12032 --- [basesSpringBatch] [main] t.b.BasesSpringBatchApplication          : BasesSpringBatchApplication launched with args =[fromCsvToXmlJob]
2025-10-31T11:09:06.341+01:00 DEBUG 12032 --- [basesSpringBatch] [main] t.b.BasesSpringBatchApplication          : BasesSpringBatchApplication jobName from args[0] =fromCsvToXmlJob
2025-10-31T11:09:06.342+01:00  INFO 12032 --- [basesSpringBatch] [main] t.b.BasesSpringBatchApplication          : ****>>> jobName=fromCsvToXmlJob inputFilePath=data/input/csv/products.csv outputFilePath=data/output/xml/products.xml
2025-10-31T11:09:06.363+01:00  INFO 2152 --- [basesSpringBatch] [main] t.b.BasesSpringBatchApplication          : Started BasesSpringBatchApplication in 65.766 seconds (process running for 66.304)
2025-10-31T11:09:06.371+01:00 DEBUG 2152 --- [basesSpringBatch] [main] t.b.BasesSpringBatchApplication          : BasesSpringBatchApplication launched with args =[myHelloWorldJob]
2025-10-31T11:09:06.371+01:00 DEBUG 2152 --- [basesSpringBatch] [main] t.b.BasesSpringBatchApplication          : BasesSpringBatchApplication jobName from args[0] =myHelloWorldJob
2025-10-31T11:09:06.372+01:00  INFO 2152 --- [basesSpringBatch] [main] t.b.BasesSpringBatchApplication          : ****>>> jobName=myHelloWorldJob inputFilePath=data/input/csv/newDetailsProducts.csv outputFilePath=data/output/xml/products.xml
2025-10-31T11:09:06.376+01:00  INFO 1968 --- [basesSpringBatch] [SimpleAsyncTaskExecutor-1] o.s.b.c.l.s.TaskExecutorJobLauncher      : Job: [SimpleJob: [name=myHelloWorldJob]] launched with the following parameters: [{'enableUpperCase':'{value=true, type=class java.lang.String, identifying=true}','increaseRatePct':'{value=5.0, type=class java.lang.Double, identifying=true}','timeStampOfJobInstance':'{value=1761905346063, type=class java.lang.Long, identifying=true}','productCategoryToIncrease':'{value=aliment, type=class java.lang.String, identifying=true}','inputFilePath':'{value=data/input/csv/newDetailsProducts.csv, type=class java.lang.String, identifying=true}','outputFilePath':'{value=data/output/xml/products.xml, type=class java.lang.String, identifying=true}','dataSetSize':'{value=5000, type=class java.lang.Long, identifying=true}'}]
2025-10-31T11:09:06.382+01:00  INFO 18020 --- [basesSpringBatch] [SimpleAsyncTaskExecutor-1] o.s.b.c.l.s.TaskExecutorJobLauncher      : Job: [SimpleJob: [name=fromCsvToXmlJob]] launched with the following parameters: [{'enableUpperCase':'{value=false, type=class java.lang.String, identifying=true}','increaseRatePct':'{value=5.0, type=class java.lang.Double, identifying=true}','timeStampOfJobInstance':'{value=1761905346175, type=class java.lang.Long, identifying=true}','productCategoryToIncrease':'{value=aliment, type=class java.lang.String, identifying=true}','inputFilePath':'{value=data/input/csv/products.csv, type=class java.lang.String, identifying=true}','outputFilePath':'{value=data/output/xml/products.xml, type=class java.lang.String, identifying=true}','dataSetSize':'{value=5000, type=class java.lang.Long, identifying=true}'}]
2025-10-31T11:09:06.447+01:00  INFO 12032 --- [basesSpringBatch] [SimpleAsyncTaskExecutor-1] o.s.b.c.l.s.TaskExecutorJobLauncher      : Job: [SimpleJob: [name=fromCsvToXmlJob]] launched with the following parameters: [{'enableUpperCase':'{value=false, type=class java.lang.String, identifying=true}','increaseRatePct':'{value=5.0, type=class java.lang.Double, identifying=true}','timeStampOfJobInstance':'{value=1761905346342, type=class java.lang.Long, identifying=true}','productCategoryToIncrease':'{value=aliment, type=class java.lang.String, identifying=true}','inputFilePath':'{value=data/input/csv/products.csv, type=class java.lang.String, identifying=true}','outputFilePath':'{value=data/output/xml/products.xml, type=class java.lang.String, identifying=true}','dataSetSize':'{value=5000, type=class java.lang.Long, identifying=true}'}]
2025-10-31T11:09:06.456+01:00  INFO 1968 --- [basesSpringBatch] [SimpleAsyncTaskExecutor-1] o.s.batch.core.job.SimpleStepHandler     : Executing step: [simplePrintMessageStep]
2025-10-31T11:09:06.461+01:00  INFO 18020 --- [basesSpringBatch] [SimpleAsyncTaskExecutor-1] o.s.batch.core.job.SimpleStepHandler     : Executing step: [stepCsvToXml]
2025-10-31T11:09:06.479+01:00  INFO 2152 --- [basesSpringBatch] [SimpleAsyncTaskExecutor-1] o.s.b.c.l.s.TaskExecutorJobLauncher      : Job: [SimpleJob: [name=myHelloWorldJob]] launched with the following parameters: [{'enableUpperCase':'{value=true, type=class java.lang.String, identifying=true}','increaseRatePct':'{value=5.0, type=class java.lang.Double, identifying=true}','timeStampOfJobInstance':'{value=1761905346372, type=class java.lang.Long, identifying=true}','productCategoryToIncrease':'{value=aliment, type=class java.lang.String, identifying=true}','inputFilePath':'{value=data/input/csv/newDetailsProducts.csv, type=class java.lang.String, identifying=true}','outputFilePath':'{value=data/output/xml/products.xml, type=class java.lang.String, identifying=true}','dataSetSize':'{value=5000, type=class java.lang.Long, identifying=true}'}]
2025-10-31T11:09:06.495+01:00  INFO 1968 --- [basesSpringBatch] [SimpleAsyncTaskExecutor-1] o.s.batch.core.step.AbstractStep         : Step: [simplePrintMessageStep] executed in 38ms
2025-10-31T11:09:06.534+01:00  INFO 12032 --- [basesSpringBatch] [SimpleAsyncTaskExecutor-1] o.s.batch.core.job.SimpleStepHandler     : Executing step: [stepCsvToXml]
2025-10-31T11:09:06.538+01:00  INFO 1968 --- [basesSpringBatch] [SimpleAsyncTaskExecutor-1] o.s.b.c.l.s.TaskExecutorJobLauncher      : Job: [SimpleJob: [name=myHelloWorldJob]] completed with the following parameters: [{'enableUpperCase':'{value=true, type=class java.lang.String, identifying=true}','increaseRatePct':'{value=5.0, type=class java.lang.Double, identifying=true}','timeStampOfJobInstance':'{value=1761905346063, type=class java.lang.Long, identifying=true}','productCategoryToIncrease':'{value=aliment, type=class java.lang.String, identifying=true}','inputFilePath':'{value=data/input/csv/newDetailsProducts.csv, type=class java.lang.String, identifying=true}','outputFilePath':'{value=data/output/xml/products.xml, type=class java.lang.String, identifying=true}','dataSetSize':'{value=5000, type=class java.lang.Long, identifying=true}'}] and the following status: [COMPLETED] in 127ms
2025-10-31T11:09:06.553+01:00  INFO 2152 --- [basesSpringBatch] [SimpleAsyncTaskExecutor-1] o.s.batch.core.job.SimpleStepHandler     : Executing step: [simplePrintMessageStep]
2025-10-31T11:09:06.574+01:00  INFO 2152 --- [basesSpringBatch] [SimpleAsyncTaskExecutor-1] o.s.batch.core.step.AbstractStep         : Step: [simplePrintMessageStep] executed in 18ms
2025-10-31T11:09:06.593+01:00  INFO 2152 --- [basesSpringBatch] [SimpleAsyncTaskExecutor-1] o.s.b.c.l.s.TaskExecutorJobLauncher      : Job: [SimpleJob: [name=myHelloWorldJob]] completed with the following parameters: [{'enableUpperCase':'{value=true, type=class java.lang.String, identifying=true}','increaseRatePct':'{value=5.0, type=class java.lang.Double, identifying=true}','timeStampOfJobInstance':'{value=1761905346372, type=class java.lang.Long, identifying=true}','productCategoryToIncrease':'{value=aliment, type=class java.lang.String, identifying=true}','inputFilePath':'{value=data/input/csv/newDetailsProducts.csv, type=class java.lang.String, identifying=true}','outputFilePath':'{value=data/output/xml/products.xml, type=class java.lang.String, identifying=true}','dataSetSize':'{value=5000, type=class java.lang.Long, identifying=true}'}] and the following status: [COMPLETED] in 66ms
2025-10-31T11:09:06.607+01:00 ERROR 12032 --- [basesSpringBatch] [SimpleAsyncTaskExecutor-1] o.s.batch.core.step.AbstractStep         : Encountered an error executing step stepCsvToXml in job fromCsvToXmlJob

org.springframework.batch.item.ItemStreamException: Unable to create file: [C:\tp\local-git-didier-tp-repositories\tp-spring-batch\tp\2025\myBatchAdmin\data\output\xml\products.xml]
	at org.springframework.batch.item.util.FileUtils.setUpOutputFile(FileUtils.java:91) ~[spring-batch-infrastructure-5.2.3.jar!/:5.2.3]
	at org.springframework.batch.item.xml.StaxEventItemWriter.open(StaxEventItemWriter.java:455) ~[spring-batch-infrastructure-5.2.3.jar!/:5.2.3]
	at org.springframework.batch.item.xml.StaxEventItemWriter.open(StaxEventItemWriter.java:424) ~[spring-batch-infrastructure-5.2.3.jar!/:5.2.3]
	at java.base/jdk.internal.reflect.DirectMethodHandleAccessor.invoke(DirectMethodHandleAccessor.java:104) ~[na:na]
	at java.base/java.lang.reflect.Method.invoke(Method.java:565) ~[na:na]
	at org.springframework.aop.support.AopUtils.invokeJoinpointUsingReflection(AopUtils.java:360) ~[spring-aop-6.2.11.jar!/:6.2.11]
	at org.springframework.aop.framework.ReflectiveMethodInvocation.invokeJoinpoint(ReflectiveMethodInvocation.java:196) ~[spring-aop-6.2.11.jar!/:6.2.11]
	at org.springframework.aop.framework.ReflectiveMethodInvocation.proceed(ReflectiveMethodInvocation.java:163) ~[spring-aop-6.2.11.jar!/:6.2.11]
	at org.springframework.aop.support.DelegatingIntroductionInterceptor.doProceed(DelegatingIntroductionInterceptor.java:137) ~[spring-aop-6.2.11.jar!/:6.2.11]
	at org.springframework.aop.support.DelegatingIntroductionInterceptor.invoke(DelegatingIntroductionInterceptor.java:124) ~[spring-aop-6.2.11.jar!/:6.2.11]
	at org.springframework.aop.framework.ReflectiveMethodInvocation.proceed(ReflectiveMethodInvocation.java:184) ~[spring-aop-6.2.11.jar!/:6.2.11]
	at org.springframework.aop.framework.JdkDynamicAopProxy.invoke(JdkDynamicAopProxy.java:223) ~[spring-aop-6.2.11.jar!/:6.2.11]
	at jdk.proxy2/jdk.proxy2.$Proxy56.open(Unknown Source) ~[na:na]
	at org.springframework.batch.item.support.CompositeItemStream.open(CompositeItemStream.java:138) ~[spring-batch-infrastructure-5.2.3.jar!/:5.2.3]
	at org.springframework.batch.core.step.tasklet.TaskletStep.open(TaskletStep.java:287) ~[spring-batch-core-5.2.3.jar!/:5.2.3]
	at org.springframework.batch.core.step.AbstractStep.execute(AbstractStep.java:227) ~[spring-batch-core-5.2.3.jar!/:5.2.3]
	at org.springframework.batch.core.job.SimpleStepHandler.handleStep(SimpleStepHandler.java:153) ~[spring-batch-core-5.2.3.jar!/:5.2.3]
	at org.springframework.batch.core.job.AbstractJob.handleStep(AbstractJob.java:408) ~[spring-batch-core-5.2.3.jar!/:5.2.3]
	at org.springframework.batch.core.job.SimpleJob.doExecute(SimpleJob.java:127) ~[spring-batch-core-5.2.3.jar!/:5.2.3]
	at org.springframework.batch.core.job.AbstractJob.execute(AbstractJob.java:307) ~[spring-batch-core-5.2.3.jar!/:5.2.3]
	at org.springframework.batch.core.launch.support.TaskExecutorJobLauncher$1.run(TaskExecutorJobLauncher.java:155) ~[spring-batch-core-5.2.3.jar!/:5.2.3]
	at java.base/java.lang.Thread.run(Thread.java:1474) ~[na:na]
Caused by: java.io.IOException: Could not delete file: data\output\xml\products.xml
	at org.springframework.batch.item.util.FileUtils.setUpOutputFile(FileUtils.java:66) ~[spring-batch-infrastructure-5.2.3.jar!/:5.2.3]
	... 21 common frames omitted
Caused by: java.nio.file.FileSystemException: data\output\xml\products.xml: Le processus ne peut pas accéder au fichier car ce fichier est utilisé par un autre processus
	at java.base/sun.nio.fs.WindowsException.translateToIOException(WindowsException.java:92) ~[na:na]
	at java.base/sun.nio.fs.WindowsException.rethrowAsIOException(WindowsException.java:103) ~[na:na]
	at java.base/sun.nio.fs.WindowsException.rethrowAsIOException(WindowsException.java:108) ~[na:na]
	at java.base/sun.nio.fs.WindowsFileSystemProvider.implDelete(WindowsFileSystemProvider.java:269) ~[na:na]
	at java.base/sun.nio.fs.AbstractFileSystemProvider.delete(AbstractFileSystemProvider.java:105) ~[na:na]
	at java.base/java.nio.file.Files.delete(Files.java:1052) ~[na:na]
	at org.springframework.batch.item.util.FileUtils.setUpOutputFile(FileUtils.java:63) ~[spring-batch-infrastructure-5.2.3.jar!/:5.2.3]
	... 21 common frames omitted

2025-10-31T11:09:06.611+01:00  INFO 12032 --- [basesSpringBatch] [SimpleAsyncTaskExecutor-1] o.s.batch.core.step.AbstractStep         : Step: [stepCsvToXml] executed in 75ms
2025-10-31T11:09:06.625+01:00 ERROR 12032 --- [basesSpringBatch] [SimpleAsyncTaskExecutor-1] o.s.batch.core.step.AbstractStep         : Exception while closing step execution resources in step stepCsvToXml in job fromCsvToXmlJob

org.springframework.batch.item.ItemStreamException: Failed to close 1 delegate(s) due to exceptions
	at org.springframework.batch.item.support.CompositeItemStream.close(CompositeItemStream.java:123) ~[spring-batch-infrastructure-5.2.3.jar!/:5.2.3]
	at org.springframework.batch.core.step.tasklet.TaskletStep.close(TaskletStep.java:282) ~[spring-batch-core-5.2.3.jar!/:5.2.3]
	at org.springframework.batch.core.step.AbstractStep.execute(AbstractStep.java:313) ~[spring-batch-core-5.2.3.jar!/:5.2.3]
	at org.springframework.batch.core.job.SimpleStepHandler.handleStep(SimpleStepHandler.java:153) ~[spring-batch-core-5.2.3.jar!/:5.2.3]
	at org.springframework.batch.core.job.AbstractJob.handleStep(AbstractJob.java:408) ~[spring-batch-core-5.2.3.jar!/:5.2.3]
	at org.springframework.batch.core.job.SimpleJob.doExecute(SimpleJob.java:127) ~[spring-batch-core-5.2.3.jar!/:5.2.3]
	at org.springframework.batch.core.job.AbstractJob.execute(AbstractJob.java:307) ~[spring-batch-core-5.2.3.jar!/:5.2.3]
	at org.springframework.batch.core.launch.support.TaskExecutorJobLauncher$1.run(TaskExecutorJobLauncher.java:155) ~[spring-batch-core-5.2.3.jar!/:5.2.3]
	at java.base/java.lang.Thread.run(Thread.java:1474) ~[na:na]
	Suppressed: java.lang.NullPointerException: Cannot invoke "javax.xml.stream.XMLEventWriter.add(javax.xml.stream.events.XMLEvent)" because "this.delegateEventWriter" is null
		at org.springframework.batch.item.xml.StaxEventItemWriter.close(StaxEventItemWriter.java:684) ~[spring-batch-infrastructure-5.2.3.jar!/:5.2.3]
		at java.base/jdk.internal.reflect.DirectMethodHandleAccessor.invoke(DirectMethodHandleAccessor.java:104) ~[na:na]
		at java.base/java.lang.reflect.Method.invoke(Method.java:565) ~[na:na]
		at org.springframework.aop.support.AopUtils.invokeJoinpointUsingReflection(AopUtils.java:360) ~[spring-aop-6.2.11.jar!/:6.2.11]
		at org.springframework.aop.framework.ReflectiveMethodInvocation.invokeJoinpoint(ReflectiveMethodInvocation.java:196) ~[spring-aop-6.2.11.jar!/:6.2.11]
		at org.springframework.aop.framework.ReflectiveMethodInvocation.proceed(ReflectiveMethodInvocation.java:163) ~[spring-aop-6.2.11.jar!/:6.2.11]
		at org.springframework.aop.support.DelegatingIntroductionInterceptor.doProceed(DelegatingIntroductionInterceptor.java:137) ~[spring-aop-6.2.11.jar!/:6.2.11]
		at org.springframework.aop.support.DelegatingIntroductionInterceptor.invoke(DelegatingIntroductionInterceptor.java:124) ~[spring-aop-6.2.11.jar!/:6.2.11]
		at org.springframework.aop.framework.ReflectiveMethodInvocation.proceed(ReflectiveMethodInvocation.java:184) ~[spring-aop-6.2.11.jar!/:6.2.11]
		at org.springframework.aop.framework.JdkDynamicAopProxy.invoke(JdkDynamicAopProxy.java:223) ~[spring-aop-6.2.11.jar!/:6.2.11]
		at jdk.proxy2/jdk.proxy2.$Proxy56.close(Unknown Source) ~[na:na]
		at org.springframework.batch.item.support.CompositeItemStream.close(CompositeItemStream.java:114) ~[spring-batch-infrastructure-5.2.3.jar!/:5.2.3]
		... 8 common frames omitted

2025-10-31T11:09:06.635+01:00  INFO 12032 --- [basesSpringBatch] [SimpleAsyncTaskExecutor-1] o.s.b.c.l.s.TaskExecutorJobLauncher      : Job: [SimpleJob: [name=fromCsvToXmlJob]] completed with the following parameters: [{'enableUpperCase':'{value=false, type=class java.lang.String, identifying=true}','increaseRatePct':'{value=5.0, type=class java.lang.Double, identifying=true}','timeStampOfJobInstance':'{value=1761905346342, type=class java.lang.Long, identifying=true}','productCategoryToIncrease':'{value=aliment, type=class java.lang.String, identifying=true}','inputFilePath':'{value=data/input/csv/products.csv, type=class java.lang.String, identifying=true}','outputFilePath':'{value=data/output/xml/products.xml, type=class java.lang.String, identifying=true}','dataSetSize':'{value=5000, type=class java.lang.Long, identifying=true}'}] and the following status: [FAILED] in 145ms
2025-10-31T11:09:06.751+01:00  INFO 18020 --- [basesSpringBatch] [SimpleAsyncTaskExecutor-1] o.s.batch.core.step.AbstractStep         : Step: [stepCsvToXml] executed in 289ms
2025-10-31T11:09:06.770+01:00  INFO 18020 --- [basesSpringBatch] [SimpleAsyncTaskExecutor-1] o.s.b.c.l.s.TaskExecutorJobLauncher      : Job: [SimpleJob: [name=fromCsvToXmlJob]] completed with the following parameters: [{'enableUpperCase':'{value=false, type=class java.lang.String, identifying=true}','increaseRatePct':'{value=5.0, type=class java.lang.Double, identifying=true}','timeStampOfJobInstance':'{value=1761905346175, type=class java.lang.Long, identifying=true}','productCategoryToIncrease':'{value=aliment, type=class java.lang.String, identifying=true}','inputFilePath':'{value=data/input/csv/products.csv, type=class java.lang.String, identifying=true}','outputFilePath':'{value=data/output/xml/products.xml, type=class java.lang.String, identifying=true}','dataSetSize':'{value=5000, type=class java.lang.Long, identifying=true}'}] and the following status: [COMPLETED] in 359ms
2025-10-31T11:09:11.483+01:00  INFO 1968 --- [basesSpringBatch] [SpringApplicationShutdownHook] com.zaxxer.hikari.HikariDataSource       : HikariPool-1 - Shutdown initiated...
2025-10-31T11:09:11.487+01:00  INFO 1968 --- [basesSpringBatch] [SpringApplicationShutdownHook] com.zaxxer.hikari.HikariDataSource       : HikariPool-1 - Shutdown completed.
2025-10-31T11:09:11.518+01:00  INFO 18020 --- [basesSpringBatch] [SpringApplicationShutdownHook] com.zaxxer.hikari.HikariDataSource       : HikariPool-1 - Shutdown initiated...
2025-10-31T11:09:11.522+01:00  INFO 18020 --- [basesSpringBatch] [SpringApplicationShutdownHook] com.zaxxer.hikari.HikariDataSource       : HikariPool-1 - Shutdown completed.
2025-10-31T11:09:11.544+01:00  INFO 12032 --- [basesSpringBatch] [SpringApplicationShutdownHook] com.zaxxer.hikari.HikariDataSource       : HikariPool-1 - Shutdown initiated...
2025-10-31T11:09:11.548+01:00  INFO 12032 --- [basesSpringBatch] [SpringApplicationShutdownHook] com.zaxxer.hikari.HikariDataSource       : HikariPool-1 - Shutdown completed.
2025-10-31T11:09:11.573+01:00  INFO 2152 --- [basesSpringBatch] [SpringApplicationShutdownHook] com.zaxxer.hikari.HikariDataSource       : HikariPool-1 - Shutdown initiated...
2025-10-31T11:09:11.577+01:00  INFO 2152 --- [basesSpringBatch] [SpringApplicationShutdownHook] com.zaxxer.hikari.HikariDataSource       : HikariPool-1 - Shutdown completed.
